TN:
SF:src/App.jsx
FN:16,App
FNF:1
FNH:0
FNDA:0,App
DA:17,0
LF:1
LH:0
BRF:0
BRH:0
end_of_record
TN:
SF:src/components/contacts/AddressInputGroup.jsx
FN:7,(anonymous_0)
FN:20,(anonymous_1)
FN:21,(anonymous_2)
FN:27,(anonymous_3)
FN:46,(anonymous_4)
FN:51,(anonymous_5)
FN:52,(anonymous_6)
FN:59,(anonymous_7)
FN:60,(anonymous_8)
FN:104,(anonymous_9)
FN:105,(anonymous_10)
FN:108,(anonymous_11)
FN:168,(anonymous_12)
FN:183,(anonymous_13)
FN:207,(anonymous_14)
FN:208,(anonymous_15)
FN:223,(anonymous_16)
FN:227,(anonymous_17)
FN:238,(anonymous_18)
FN:249,(anonymous_19)
FN:257,(anonymous_20)
FN:265,(anonymous_21)
FN:276,(anonymous_22)
FN:284,(anonymous_23)
FN:292,(anonymous_24)
FN:320,(anonymous_25)
FN:341,(anonymous_26)
FNF:27
FNH:0
FNDA:0,(anonymous_0)
FNDA:0,(anonymous_1)
FNDA:0,(anonymous_2)
FNDA:0,(anonymous_3)
FNDA:0,(anonymous_4)
FNDA:0,(anonymous_5)
FNDA:0,(anonymous_6)
FNDA:0,(anonymous_7)
FNDA:0,(anonymous_8)
FNDA:0,(anonymous_9)
FNDA:0,(anonymous_10)
FNDA:0,(anonymous_11)
FNDA:0,(anonymous_12)
FNDA:0,(anonymous_13)
FNDA:0,(anonymous_14)
FNDA:0,(anonymous_15)
FNDA:0,(anonymous_16)
FNDA:0,(anonymous_17)
FNDA:0,(anonymous_18)
FNDA:0,(anonymous_19)
FNDA:0,(anonymous_20)
FNDA:0,(anonymous_21)
FNDA:0,(anonymous_22)
FNDA:0,(anonymous_23)
FNDA:0,(anonymous_24)
FNDA:0,(anonymous_25)
FNDA:0,(anonymous_26)
DA:7,0
DA:20,0
DA:21,0
DA:22,0
DA:24,0
DA:27,0
DA:28,0
DA:30,0
DA:43,0
DA:46,0
DA:47,0
DA:48,0
DA:51,0
DA:52,0
DA:56,0
DA:59,0
DA:60,0
DA:61,0
DA:93,0
DA:96,0
DA:104,0
DA:105,0
DA:108,0
DA:109,0
DA:110,0
DA:111,0
DA:112,0
DA:113,0
DA:114,0
DA:115,0
DA:117,0
DA:120,0
DA:169,0
DA:183,0
DA:207,0
DA:208,0
DA:223,0
DA:228,0
DA:238,0
DA:249,0
DA:257,0
DA:265,0
DA:276,0
DA:284,0
DA:292,0
DA:320,0
DA:341,0
LF:47
LH:0
BRDA:8,0,0,0
BRDA:12,1,0,0
BRDA:13,2,0,0
BRDA:14,3,0,0
BRDA:15,4,0,0
BRDA:16,5,0,0
BRDA:17,6,0,0
BRDA:22,7,0,0
BRDA:22,7,1,0
BRDA:28,8,0,0
BRDA:28,8,1,0
BRDA:47,9,0,0
BRDA:47,9,1,0
BRDA:61,10,0,0
BRDA:61,10,1,0
BRDA:64,11,0,0
BRDA:64,11,1,0
BRDA:65,12,0,0
BRDA:65,12,1,0
BRDA:66,13,0,0
BRDA:66,13,1,0
BRDA:67,14,0,0
BRDA:67,14,1,0
BRDA:68,15,0,0
BRDA:68,15,1,0
BRDA:69,16,0,0
BRDA:69,16,1,0
BRDA:70,17,0,0
BRDA:70,17,1,0
BRDA:70,17,2,0
BRDA:73,18,0,0
BRDA:73,18,1,0
BRDA:74,19,0,0
BRDA:74,19,1,0
BRDA:75,20,0,0
BRDA:75,20,1,0
BRDA:76,21,0,0
BRDA:76,21,1,0
BRDA:79,22,0,0
BRDA:79,22,1,0
BRDA:80,23,0,0
BRDA:80,23,1,0
BRDA:81,24,0,0
BRDA:81,24,1,0
BRDA:84,25,0,0
BRDA:84,25,1,0
BRDA:85,26,0,0
BRDA:85,26,1,0
BRDA:86,27,0,0
BRDA:86,27,1,0
BRDA:87,28,0,0
BRDA:87,28,1,0
BRDA:88,29,0,0
BRDA:88,29,1,0
BRDA:89,30,0,0
BRDA:89,30,1,0
BRDA:90,31,0,0
BRDA:90,31,1,0
BRDA:105,32,0,0
BRDA:105,32,1,0
BRDA:105,32,2,0
BRDA:110,33,0,0
BRDA:110,33,1,0
BRDA:111,34,0,0
BRDA:111,34,1,0
BRDA:112,35,0,0
BRDA:112,35,1,0
BRDA:113,36,0,0
BRDA:113,36,1,0
BRDA:114,37,0,0
BRDA:114,37,1,0
BRDA:115,38,0,0
BRDA:115,38,1,0
BRDA:126,39,0,0
BRDA:126,39,1,0
BRDA:140,40,0,0
BRDA:140,40,1,0
BRDA:141,41,0,0
BRDA:141,41,1,0
BRDA:156,42,0,0
BRDA:156,42,1,0
BRDA:158,43,0,0
BRDA:158,43,1,0
BRDA:175,44,0,0
BRDA:175,44,1,0
BRDA:186,45,0,0
BRDA:186,45,1,0
BRDA:190,46,0,0
BRDA:190,46,1,0
BRDA:192,47,0,0
BRDA:192,47,1,0
BRDA:264,48,0,0
BRDA:264,48,1,0
BRDA:307,49,0,0
BRDA:307,49,1,0
BRDA:321,50,0,0
BRDA:321,50,1,0
BRDA:323,51,0,0
BRDA:323,51,1,0
BRDA:335,52,0,0
BRDA:335,52,1,0
BRDA:335,52,2,0
BRDA:341,53,0,0
BRDA:341,53,1,0
BRDA:341,53,2,0
BRDA:341,54,0,0
BRDA:341,54,1,0
BRDA:341,54,2,0
BRDA:347,55,0,0
BRDA:347,55,1,0
BRDA:347,55,2,0
BRF:111
BRH:0
end_of_record
TN:
SF:src/components/contacts/EmailInputGroup.jsx
FN:6,(anonymous_0)
FN:19,(anonymous_1)
FN:20,(anonymous_2)
FN:26,(anonymous_3)
FN:39,(anonymous_4)
FN:44,(anonymous_5)
FN:45,(anonymous_6)
FN:61,(anonymous_7)
FN:62,(anonymous_8)
FN:113,(anonymous_9)
FN:122,(anonymous_10)
FN:138,(anonymous_11)
FN:142,(anonymous_12)
FN:160,(anonymous_13)
FN:183,(anonymous_14)
FN:199,(anonymous_15)
FN:220,(anonymous_16)
FNF:17
FNH:0
FNDA:0,(anonymous_0)
FNDA:0,(anonymous_1)
FNDA:0,(anonymous_2)
FNDA:0,(anonymous_3)
FNDA:0,(anonymous_4)
FNDA:0,(anonymous_5)
FNDA:0,(anonymous_6)
FNDA:0,(anonymous_7)
FNDA:0,(anonymous_8)
FNDA:0,(anonymous_9)
FNDA:0,(anonymous_10)
FNDA:0,(anonymous_11)
FNDA:0,(anonymous_12)
FNDA:0,(anonymous_13)
FNDA:0,(anonymous_14)
FNDA:0,(anonymous_15)
FNDA:0,(anonymous_16)
DA:6,0
DA:19,0
DA:20,0
DA:21,0
DA:23,0
DA:26,0
DA:27,0
DA:29,0
DA:36,0
DA:39,0
DA:40,0
DA:41,0
DA:44,0
DA:45,0
DA:49,0
DA:52,0
DA:61,0
DA:62,0
DA:65,0
DA:114,0
DA:122,0
DA:138,0
DA:143,0
DA:160,0
DA:183,0
DA:199,0
DA:220,0
LF:27
LH:0
BRDA:7,0,0,0
BRDA:11,1,0,0
BRDA:12,2,0,0
BRDA:13,3,0,0
BRDA:14,4,0,0
BRDA:15,5,0,0
BRDA:16,6,0,0
BRDA:21,7,0,0
BRDA:21,7,1,0
BRDA:27,8,0,0
BRDA:27,8,1,0
BRDA:40,9,0,0
BRDA:40,9,1,0
BRDA:62,10,0,0
BRDA:62,10,1,0
BRDA:71,11,0,0
BRDA:71,11,1,0
BRDA:85,12,0,0
BRDA:85,12,1,0
BRDA:86,13,0,0
BRDA:86,13,1,0
BRDA:101,14,0,0
BRDA:101,14,1,0
BRDA:103,15,0,0
BRDA:103,15,1,0
BRDA:124,16,0,0
BRDA:124,16,1,0
BRDA:163,17,0,0
BRDA:163,17,1,0
BRDA:167,18,0,0
BRDA:167,18,1,0
BRDA:169,19,0,0
BRDA:169,19,1,0
BRDA:182,20,0,0
BRDA:182,20,1,0
BRDA:200,21,0,0
BRDA:200,21,1,0
BRDA:202,22,0,0
BRDA:202,22,1,0
BRDA:214,23,0,0
BRDA:214,23,1,0
BRDA:214,23,2,0
BRDA:220,24,0,0
BRDA:220,24,1,0
BRDA:220,24,2,0
BRDA:220,25,0,0
BRDA:220,25,1,0
BRDA:226,26,0,0
BRDA:226,26,1,0
BRDA:226,26,2,0
BRF:50
BRH:0
end_of_record
TN:
SF:src/components/contacts/PhoneInputGroup.jsx
FN:7,(anonymous_0)
FN:22,(anonymous_1)
FN:23,(anonymous_2)
FN:29,(anonymous_3)
FN:58,(anonymous_4)
FN:63,(anonymous_5)
FN:64,(anonymous_6)
FN:90,(anonymous_7)
FN:136,(anonymous_8)
FN:145,(anonymous_9)
FN:160,(anonymous_10)
FN:164,(anonymous_11)
FN:184,(anonymous_12)
FN:198,(anonymous_13)
FN:216,(anonymous_14)
FN:224,(anonymous_15)
FN:232,(anonymous_16)
FN:247,(anonymous_17)
FN:265,(anonymous_18)
FN:282,(anonymous_19)
FN:292,(anonymous_20)
FN:304,(anonymous_21)
FN:305,(anonymous_22)
FN:320,(anonymous_23)
FN:321,(anonymous_24)
FN:338,(anonymous_25)
FN:359,(anonymous_26)
FNF:27
FNH:0
FNDA:0,(anonymous_0)
FNDA:0,(anonymous_1)
FNDA:0,(anonymous_2)
FNDA:0,(anonymous_3)
FNDA:0,(anonymous_4)
FNDA:0,(anonymous_5)
FNDA:0,(anonymous_6)
FNDA:0,(anonymous_7)
FNDA:0,(anonymous_8)
FNDA:0,(anonymous_9)
FNDA:0,(anonymous_10)
FNDA:0,(anonymous_11)
FNDA:0,(anonymous_12)
FNDA:0,(anonymous_13)
FNDA:0,(anonymous_14)
FNDA:0,(anonymous_15)
FNDA:0,(anonymous_16)
FNDA:0,(anonymous_17)
FNDA:0,(anonymous_18)
FNDA:0,(anonymous_19)
FNDA:0,(anonymous_20)
FNDA:0,(anonymous_21)
FNDA:0,(anonymous_22)
FNDA:0,(anonymous_23)
FNDA:0,(anonymous_24)
FNDA:0,(anonymous_25)
FNDA:0,(anonymous_26)
DA:7,0
DA:21,0
DA:22,0
DA:23,0
DA:24,0
DA:26,0
DA:29,0
DA:30,0
DA:32,0
DA:55,0
DA:58,0
DA:59,0
DA:60,0
DA:63,0
DA:64,0
DA:68,0
DA:71,0
DA:79,0
DA:90,0
DA:137,0
DA:145,0
DA:160,0
DA:165,0
DA:184,0
DA:198,0
DA:216,0
DA:224,0
DA:232,0
DA:247,0
DA:265,0
DA:282,0
DA:292,0
DA:305,0
DA:306,0
DA:308,0
DA:321,0
DA:322,0
DA:324,0
DA:338,0
DA:359,0
LF:40
LH:0
BRDA:8,0,0,0
BRDA:12,1,0,0
BRDA:13,2,0,0
BRDA:14,3,0,0
BRDA:15,4,0,0
BRDA:16,5,0,0
BRDA:17,6,0,0
BRDA:18,7,0,0
BRDA:24,8,0,0
BRDA:24,8,1,0
BRDA:30,9,0,0
BRDA:30,9,1,0
BRDA:59,10,0,0
BRDA:59,10,1,0
BRDA:85,11,0,0
BRDA:85,11,1,0
BRDA:95,12,0,0
BRDA:95,12,1,0
BRDA:108,13,0,0
BRDA:108,13,1,0
BRDA:109,14,0,0
BRDA:109,14,1,0
BRDA:124,15,0,0
BRDA:124,15,1,0
BRDA:126,16,0,0
BRDA:126,16,1,0
BRDA:188,17,0,0
BRDA:188,17,1,0
BRDA:193,18,0,0
BRDA:193,18,1,0
BRDA:209,19,0,0
BRDA:209,19,1,0
BRDA:215,20,0,0
BRDA:215,20,1,0
BRDA:223,21,0,0
BRDA:223,21,1,0
BRDA:231,22,0,0
BRDA:231,22,1,0
BRDA:246,23,0,0
BRDA:246,23,1,0
BRDA:264,24,0,0
BRDA:264,24,1,0
BRDA:306,25,0,0
BRDA:306,25,1,0
BRDA:317,26,0,0
BRDA:317,26,1,0
BRDA:322,27,0,0
BRDA:322,27,1,0
BRDA:339,28,0,0
BRDA:339,28,1,0
BRDA:341,29,0,0
BRDA:341,29,1,0
BRDA:353,30,0,0
BRDA:353,30,1,0
BRDA:353,30,2,0
BRDA:359,31,0,0
BRDA:359,31,1,0
BRDA:359,31,2,0
BRDA:365,32,0,0
BRDA:365,32,1,0
BRDA:365,32,2,0
BRF:61
BRH:0
end_of_record
TN:
SF:src/components/contacts/index.js
FNF:0
FNH:0
LF:0
LH:0
BRF:0
BRH:0
end_of_record
TN:
SF:src/components/entities/CompanyBasicInfo.jsx
FN:5,(anonymous_0)
FNF:1
FNH:0
FNDA:0,(anonymous_0)
DA:5,0
DA:11,0
DA:12,0
DA:15,0
LF:4
LH:0
BRDA:7,0,0,0
BRDA:8,1,0,0
BRDA:9,2,0,0
BRDA:11,3,0,0
BRDA:11,3,1,0
BRDA:11,4,0,0
BRDA:11,4,1,0
BRDA:25,5,0,0
BRDA:25,5,1,0
BRDA:39,6,0,0
BRDA:39,6,1,0
BRDA:53,7,0,0
BRDA:53,7,1,0
BRDA:64,8,0,0
BRDA:64,8,1,0
BRDA:73,9,0,0
BRDA:73,9,1,0
BRDA:82,10,0,0
BRDA:82,10,1,0
BRDA:91,11,0,0
BRDA:91,11,1,0
BRDA:100,12,0,0
BRDA:100,12,1,0
BRDA:106,13,0,0
BRDA:106,13,1,0
BRDA:118,14,0,0
BRDA:118,14,1,0
BRDA:118,14,2,0
BRF:28
BRH:0
end_of_record
TN:
SF:src/components/error/AppErrorBoundary.tsx
FN:8,(anonymous_0)
FN:9,(anonymous_1)
FNF:2
FNH:0
FNDA:0,(anonymous_0)
FNDA:0,(anonymous_1)
DA:8,0
DA:9,0
DA:11,0
DA:21,0
LF:4
LH:0
BRF:0
BRH:0
end_of_record
TN:
SF:src/components/error/ErrorBoundary.tsx
FN:25,(anonymous_0)
FN:33,(anonymous_1)
FN:58,(anonymous_2)
FN:66,(anonymous_3)
FN:70,(anonymous_4)
FN:193,(anonymous_5)
FNF:6
FNH:0
FNDA:0,(anonymous_0)
FNDA:0,(anonymous_1)
FNDA:0,(anonymous_2)
FNDA:0,(anonymous_3)
FNDA:0,(anonymous_4)
FNDA:0,(anonymous_5)
DA:19,0
DA:26,0
DA:34,0
DA:36,0
DA:42,0
DA:43,0
DA:47,0
DA:49,0
DA:58,0
DA:59,0
DA:66,0
DA:67,0
DA:71,0
DA:72,0
DA:75,0
DA:76,0
DA:80,0
DA:82,0
DA:127,0
DA:148,0
DA:174,0
DA:194,0
DA:195,0
DA:198,0
LF:24
LH:0
BRDA:42,0,0,0
BRDA:42,0,1,0
BRDA:47,1,0,0
BRDA:47,1,1,0
BRDA:53,2,0,0
BRDA:53,2,1,0
BRDA:71,3,0,0
BRDA:75,4,0,0
BRDA:75,4,1,0
BRDA:80,5,0,0
BRDA:80,5,1,0
BRDA:80,5,2,0
BRDA:80,5,3,0
BRDA:111,6,0,0
BRDA:111,6,1,0
BRDA:111,6,2,0
BRDA:194,7,0,0
BRDA:194,7,1,0
BRF:18
BRH:0
end_of_record
TN:
SF:src/components/error/FormErrorBoundary.tsx
FN:9,(anonymous_0)
FN:13,(anonymous_1)
FNF:2
FNH:0
FNDA:0,(anonymous_0)
FNDA:0,(anonymous_1)
DA:9,0
DA:13,0
DA:14,0
DA:25,0
LF:4
LH:0
BRDA:14,0,0,0
BRDA:14,0,1,0
BRF:2
BRH:0
end_of_record
TN:
SF:src/components/error/PageErrorBoundary.tsx
FN:9,(anonymous_0)
FN:13,(anonymous_1)
FNF:2
FNH:0
FNDA:0,(anonymous_0)
FNDA:0,(anonymous_1)
DA:9,0
DA:13,0
DA:14,0
DA:25,0
LF:4
LH:0
BRDA:14,0,0,0
BRDA:14,0,1,0
BRF:2
BRH:0
end_of_record
TN:
SF:src/components/error/index.ts
FNF:0
FNH:0
LF:0
LH:0
BRF:0
BRH:0
end_of_record
TN:
SF:src/components/forms/CompanyFormSections/AddressNumberConfirmationModal.tsx
FN:10,(anonymous_0)
FN:35,(anonymous_1)
FN:43,(anonymous_2)
FNF:3
FNH:0
FNDA:0,(anonymous_0)
FNDA:0,(anonymous_1)
FNDA:0,(anonymous_2)
DA:10,0
DA:14,0
DA:15,0
DA:18,0
DA:35,0
DA:43,0
LF:6
LH:0
BRDA:14,0,0,0
BRDA:14,0,1,0
BRF:2
BRH:0
end_of_record
TN:
SF:src/components/forms/CompanyFormSections/CompanyBasicDataSection.tsx
FN:17,(anonymous_0)
FN:31,(anonymous_1)
FN:46,(anonymous_2)
FN:53,(anonymous_3)
FN:63,(anonymous_4)
FN:69,(anonymous_5)
FN:75,(anonymous_6)
FN:86,(anonymous_7)
FN:95,(anonymous_8)
FN:110,(anonymous_9)
FN:125,(anonymous_10)
FN:137,(anonymous_11)
FNF:12
FNH:0
FNDA:0,(anonymous_0)
FNDA:0,(anonymous_1)
FNDA:0,(anonymous_2)
FNDA:0,(anonymous_3)
FNDA:0,(anonymous_4)
FNDA:0,(anonymous_5)
FNDA:0,(anonymous_6)
FNDA:0,(anonymous_7)
FNDA:0,(anonymous_8)
FNDA:0,(anonymous_9)
FNDA:0,(anonymous_10)
FNDA:0,(anonymous_11)
DA:17,0
DA:24,0
DA:31,0
DA:46,0
DA:53,0
DA:63,0
DA:69,0
DA:75,0
DA:86,0
DA:95,0
DA:110,0
DA:125,0
DA:137,0
DA:148,0
LF:14
LH:0
BRDA:35,0,0,0
BRDA:35,0,1,0
BRDA:52,1,0,0
BRDA:52,1,1,0
BRDA:62,2,0,0
BRDA:62,2,1,0
BRDA:68,3,0,0
BRDA:68,3,1,0
BRDA:74,4,0,0
BRDA:74,4,1,0
BRDA:85,5,0,0
BRDA:85,5,1,0
BRDA:94,6,0,0
BRDA:94,6,1,0
BRDA:124,7,0,0
BRDA:124,7,1,0
BRDA:136,8,0,0
BRDA:136,8,1,0
BRF:18
BRH:0
end_of_record
TN:
SF:src/components/forms/CompanyFormSections/CompanyReceitaFederalSection.tsx
FN:8,(anonymous_0)
FN:47,(anonymous_1)
FNF:2
FNH:0
FNDA:0,(anonymous_0)
FNDA:0,(anonymous_1)
DA:8,0
DA:9,0
DA:10,0
DA:13,0
DA:48,0
DA:144,0
LF:6
LH:0
BRDA:9,0,0,0
BRDA:9,0,1,0
BRDA:9,1,0,0
BRDA:9,1,1,0
BRDA:17,2,0,0
BRDA:17,2,1,0
BRDA:27,3,0,0
BRDA:27,3,1,0
BRDA:41,4,0,0
BRDA:41,4,1,0
BRDA:41,4,2,0
BRDA:58,5,0,0
BRDA:58,5,1,0
BRDA:68,6,0,0
BRDA:68,6,1,0
BRDA:78,7,0,0
BRDA:78,7,1,0
BRDA:92,8,0,0
BRDA:92,8,1,0
BRDA:102,9,0,0
BRDA:102,9,1,0
BRDA:115,10,0,0
BRDA:115,10,1,0
BRDA:115,10,2,0
BRDA:117,11,0,0
BRDA:117,11,1,0
BRDA:127,12,0,0
BRDA:127,12,1,0
BRF:28
BRH:0
end_of_record
TN:
SF:src/components/forms/CompanyFormSections/index.ts
FNF:0
FNH:0
LF:0
LH:0
BRF:0
BRH:0
end_of_record
TN:
SF:src/components/inputs/InputCEP.jsx
FN:8,(anonymous_0)
FN:31,(anonymous_1)
FN:44,(anonymous_2)
FN:53,(anonymous_3)
FN:78,(anonymous_4)
FN:146,(anonymous_5)
FN:180,(anonymous_6)
FN:187,(anonymous_7)
FN:200,(anonymous_8)
FN:207,(anonymous_9)
FNF:10
FNH:0
FNDA:0,(anonymous_0)
FNDA:0,(anonymous_1)
FNDA:0,(anonymous_2)
FNDA:0,(anonymous_3)
FNDA:0,(anonymous_4)
FNDA:0,(anonymous_5)
FNDA:0,(anonymous_6)
FNDA:0,(anonymous_7)
FNDA:0,(anonymous_8)
FNDA:0,(anonymous_9)
DA:8,0
DA:23,0
DA:24,0
DA:25,0
DA:26,0
DA:27,0
DA:28,0
DA:31,0
DA:32,0
DA:33,0
DA:34,0
DA:37,0
DA:38,0
DA:44,0
DA:45,0
DA:46,0
DA:47,0
DA:48,0
DA:53,0
DA:54,0
DA:56,0
DA:57,0
DA:58,0
DA:59,0
DA:62,0
DA:63,0
DA:65,0
DA:66,0
DA:68,0
DA:70,0
DA:73,0
DA:74,0
DA:75,0
DA:78,0
DA:79,0
DA:81,0
DA:83,0
DA:85,0
DA:86,0
DA:88,0
DA:89,0
DA:90,0
DA:91,0
DA:92,0
DA:96,0
DA:97,0
DA:120,0
DA:121,0
DA:122,0
DA:125,0
DA:126,0
DA:127,0
DA:129,0
DA:133,0
DA:134,0
DA:137,0
DA:138,0
DA:139,0
DA:140,0
DA:142,0
DA:146,0
DA:147,0
DA:148,0
DA:151,0
DA:152,0
DA:154,0
DA:157,0
DA:158,0
DA:162,0
DA:163,0
DA:167,0
DA:168,0
DA:180,0
DA:181,0
DA:182,0
DA:183,0
DA:187,0
DA:188,0
DA:191,0
DA:192,0
DA:195,0
DA:196,0
DA:200,0
DA:201,0
DA:202,0
DA:203,0
DA:207,0
DA:208,0
DA:210,0
DA:212,0
DA:213,0
DA:214,0
DA:215,0
DA:216,0
DA:217,0
DA:220,0
DA:222,0
DA:225,0
DA:226,0
DA:228,0
LF:100
LH:0
BRDA:9,0,0,0
BRDA:10,1,0,0
BRDA:13,2,0,0
BRDA:14,3,0,0
BRDA:15,4,0,0
BRDA:16,5,0,0
BRDA:17,6,0,0
BRDA:18,7,0,0
BRDA:19,8,0,0
BRDA:20,9,0,0
BRDA:32,10,0,0
BRDA:32,10,1,0
BRDA:37,11,0,0
BRDA:37,11,1,0
BRDA:37,12,0,0
BRDA:37,12,1,0
BRDA:37,12,2,0
BRDA:45,13,0,0
BRDA:45,13,1,0
BRDA:45,14,0,0
BRDA:45,14,1,0
BRDA:45,14,2,0
BRDA:47,15,0,0
BRDA:47,15,1,0
BRDA:56,16,0,0
BRDA:56,16,1,0
BRDA:56,17,0,0
BRDA:56,17,1,0
BRDA:62,18,0,0
BRDA:62,18,1,0
BRDA:62,19,0,0
BRDA:62,19,1,0
BRDA:65,20,0,0
BRDA:65,20,1,0
BRDA:79,21,0,0
BRDA:79,21,1,0
BRDA:79,22,0,0
BRDA:79,22,1,0
BRDA:88,23,0,0
BRDA:88,23,1,0
BRDA:99,24,0,0
BRDA:99,24,1,0
BRDA:101,25,0,0
BRDA:101,25,1,0
BRDA:102,26,0,0
BRDA:102,26,1,0
BRDA:103,27,0,0
BRDA:103,27,1,0
BRDA:105,28,0,0
BRDA:105,28,1,0
BRDA:108,29,0,0
BRDA:108,29,1,0
BRDA:109,30,0,0
BRDA:109,30,1,0
BRDA:110,31,0,0
BRDA:110,31,1,0
BRDA:111,32,0,0
BRDA:111,32,1,0
BRDA:125,33,0,0
BRDA:125,33,1,0
BRDA:125,34,0,0
BRDA:125,34,1,0
BRDA:133,35,0,0
BRDA:133,35,1,0
BRDA:157,36,0,0
BRDA:157,36,1,0
BRDA:162,37,0,0
BRDA:162,37,1,0
BRDA:167,38,0,0
BRDA:167,38,1,0
BRDA:182,39,0,0
BRDA:182,39,1,0
BRDA:191,40,0,0
BRDA:191,40,1,0
BRDA:195,41,0,0
BRDA:195,41,1,0
BRDA:202,42,0,0
BRDA:202,42,1,0
BRDA:212,43,0,0
BRDA:212,43,1,0
BRDA:212,44,0,0
BRDA:212,44,1,0
BRDA:212,44,2,0
BRDA:214,45,0,0
BRDA:214,45,1,0
BRDA:214,46,0,0
BRDA:214,46,1,0
BRDA:214,46,2,0
BRDA:214,46,3,0
BRDA:216,47,0,0
BRDA:216,47,1,0
BRDA:220,48,0,0
BRDA:220,48,1,0
BRDA:225,49,0,0
BRDA:225,49,1,0
BRDA:225,50,0,0
BRDA:225,50,1,0
BRDA:225,51,0,0
BRDA:225,51,1,0
BRDA:226,52,0,0
BRDA:226,52,1,0
BRDA:226,52,2,0
BRDA:232,53,0,0
BRDA:232,53,1,0
BRDA:252,54,0,0
BRDA:252,54,1,0
BRDA:252,54,2,0
BRDA:254,55,0,0
BRDA:254,55,1,0
BRDA:256,56,0,0
BRDA:256,56,1,0
BRDA:256,57,0,0
BRDA:256,57,1,0
BRDA:258,58,0,0
BRDA:258,58,1,0
BRDA:258,59,0,0
BRDA:258,59,1,0
BRDA:272,60,0,0
BRDA:272,60,1,0
BRDA:276,61,0,0
BRDA:276,61,1,0
BRDA:278,62,0,0
BRDA:278,62,1,0
BRDA:278,63,0,0
BRDA:278,63,1,0
BRDA:283,64,0,0
BRDA:283,64,1,0
BRDA:294,65,0,0
BRDA:294,65,1,0
BRDA:299,66,0,0
BRDA:299,66,1,0
BRDA:299,66,2,0
BRDA:306,67,0,0
BRDA:306,67,1,0
BRDA:308,68,0,0
BRDA:308,68,1,0
BRDA:311,69,0,0
BRDA:311,69,1,0
BRDA:322,70,0,0
BRDA:322,70,1,0
BRDA:326,71,0,0
BRDA:326,71,1,0
BRDA:330,72,0,0
BRDA:330,72,1,0
BRDA:334,73,0,0
BRDA:334,73,1,0
BRDA:357,74,0,0
BRDA:357,74,1,0
BRDA:357,74,2,0
BRDA:357,74,3,0
BRDA:357,74,4,0
BRDA:357,74,5,0
BRF:152
BRH:0
end_of_record
TN:
SF:src/components/inputs/InputCNPJ.jsx
FN:7,(anonymous_0)
FN:35,(anonymous_1)
FN:43,(anonymous_2)
FN:55,(anonymous_3)
FN:60,(anonymous_4)
FN:64,(anonymous_5)
FN:69,(anonymous_6)
FN:168,(anonymous_7)
FN:194,(anonymous_8)
FN:224,(anonymous_9)
FN:233,(anonymous_10)
FN:240,(anonymous_11)
FN:254,(anonymous_12)
FNF:13
FNH:0
FNDA:0,(anonymous_0)
FNDA:0,(anonymous_1)
FNDA:0,(anonymous_2)
FNDA:0,(anonymous_3)
FNDA:0,(anonymous_4)
FNDA:0,(anonymous_5)
FNDA:0,(anonymous_6)
FNDA:0,(anonymous_7)
FNDA:0,(anonymous_8)
FNDA:0,(anonymous_9)
FNDA:0,(anonymous_10)
FNDA:0,(anonymous_11)
FNDA:0,(anonymous_12)
DA:7,0
DA:25,0
DA:26,0
DA:27,0
DA:28,0
DA:29,0
DA:30,0
DA:31,0
DA:32,0
DA:35,0
DA:36,0
DA:37,0
DA:38,0
DA:43,0
DA:44,0
DA:45,0
DA:46,0
DA:48,0
DA:49,0
DA:55,0
DA:56,0
DA:57,0
DA:58,0
DA:60,0
DA:61,0
DA:64,0
DA:69,0
DA:70,0
DA:72,0
DA:74,0
DA:75,0
DA:77,0
DA:78,0
DA:79,0
DA:82,0
DA:83,0
DA:84,0
DA:88,0
DA:89,0
DA:95,0
DA:98,0
DA:99,0
DA:101,0
DA:144,0
DA:145,0
DA:146,0
DA:149,0
DA:150,0
DA:154,0
DA:155,0
DA:156,0
DA:159,0
DA:160,0
DA:161,0
DA:164,0
DA:168,0
DA:169,0
DA:171,0
DA:172,0
DA:173,0
DA:174,0
DA:177,0
DA:178,0
DA:179,0
DA:180,0
DA:183,0
DA:184,0
DA:185,0
DA:186,0
DA:189,0
DA:190,0
DA:191,0
DA:194,0
DA:195,0
DA:196,0
DA:199,0
DA:200,0
DA:202,0
DA:203,0
DA:206,0
DA:207,0
DA:211,0
DA:212,0
DA:224,0
DA:225,0
DA:226,0
DA:227,0
DA:233,0
DA:234,0
DA:235,0
DA:236,0
DA:240,0
DA:241,0
DA:242,0
DA:245,0
DA:246,0
DA:249,0
DA:250,0
DA:254,0
DA:255,0
DA:258,0
DA:260,0
DA:262,0
DA:263,0
DA:264,0
DA:265,0
DA:266,0
DA:267,0
DA:270,0
DA:272,0
DA:275,0
DA:276,0
DA:277,0
DA:279,0
LF:114
LH:0
BRDA:8,0,0,0
BRDA:9,1,0,0
BRDA:14,2,0,0
BRDA:15,3,0,0
BRDA:16,4,0,0
BRDA:17,5,0,0
BRDA:18,6,0,0
BRDA:19,7,0,0
BRDA:20,8,0,0
BRDA:21,9,0,0
BRDA:22,10,0,0
BRDA:37,11,0,0
BRDA:37,11,1,0
BRDA:44,12,0,0
BRDA:44,12,1,0
BRDA:48,13,0,0
BRDA:48,13,1,0
BRDA:48,14,0,0
BRDA:48,14,1,0
BRDA:56,15,0,0
BRDA:56,15,1,0
BRDA:56,16,0,0
BRDA:56,16,1,0
BRDA:56,16,2,0
BRDA:56,16,3,0
BRDA:58,17,0,0
BRDA:58,17,1,0
BRDA:70,18,0,0
BRDA:70,18,1,0
BRDA:70,19,0,0
BRDA:70,19,1,0
BRDA:82,20,0,0
BRDA:82,20,1,0
BRDA:88,21,0,0
BRDA:88,21,1,0
BRDA:98,22,0,0
BRDA:98,22,1,0
BRDA:98,23,0,0
BRDA:98,23,1,0
BRDA:149,24,0,0
BRDA:149,24,1,0
BRDA:154,25,0,0
BRDA:154,25,1,0
BRDA:159,26,0,0
BRDA:159,26,1,0
BRDA:171,27,0,0
BRDA:171,27,1,0
BRDA:171,28,0,0
BRDA:171,28,1,0
BRDA:177,29,0,0
BRDA:177,29,1,0
BRDA:177,30,0,0
BRDA:177,30,1,0
BRDA:183,31,0,0
BRDA:183,31,1,0
BRDA:183,32,0,0
BRDA:183,32,1,0
BRDA:206,33,0,0
BRDA:206,33,1,0
BRDA:206,34,0,0
BRDA:206,34,1,0
BRDA:211,35,0,0
BRDA:211,35,1,0
BRDA:226,36,0,0
BRDA:226,36,1,0
BRDA:235,37,0,0
BRDA:235,37,1,0
BRDA:245,38,0,0
BRDA:245,38,1,0
BRDA:249,39,0,0
BRDA:249,39,1,0
BRDA:258,40,0,0
BRDA:258,40,1,0
BRDA:262,41,0,0
BRDA:262,41,1,0
BRDA:262,42,0,0
BRDA:262,42,1,0
BRDA:262,42,2,0
BRDA:262,42,3,0
BRDA:264,43,0,0
BRDA:264,43,1,0
BRDA:264,44,0,0
BRDA:264,44,1,0
BRDA:264,44,2,0
BRDA:264,44,3,0
BRDA:264,44,4,0
BRDA:266,45,0,0
BRDA:266,45,1,0
BRDA:270,46,0,0
BRDA:270,46,1,0
BRDA:275,47,0,0
BRDA:275,47,1,0
BRDA:275,48,0,0
BRDA:275,48,1,0
BRDA:275,49,0,0
BRDA:275,49,1,0
BRDA:275,49,2,0
BRDA:277,50,0,0
BRDA:277,50,1,0
BRDA:277,50,2,0
BRDA:283,51,0,0
BRDA:283,51,1,0
BRDA:289,52,0,0
BRDA:289,52,1,0
BRDA:310,53,0,0
BRDA:310,53,1,0
BRDA:310,53,2,0
BRDA:310,53,3,0
BRDA:312,54,0,0
BRDA:312,54,1,0
BRDA:314,55,0,0
BRDA:314,55,1,0
BRDA:319,56,0,0
BRDA:319,56,1,0
BRDA:319,57,0,0
BRDA:319,57,1,0
BRDA:319,57,2,0
BRDA:321,58,0,0
BRDA:321,58,1,0
BRDA:321,59,0,0
BRDA:321,59,1,0
BRDA:323,60,0,0
BRDA:323,60,1,0
BRDA:331,61,0,0
BRDA:331,61,1,0
BRDA:335,62,0,0
BRDA:335,62,1,0
BRDA:337,63,0,0
BRDA:337,63,1,0
BRDA:337,64,0,0
BRDA:337,64,1,0
BRDA:342,65,0,0
BRDA:342,65,1,0
BRDA:353,66,0,0
BRDA:353,66,1,0
BRDA:358,67,0,0
BRDA:358,67,1,0
BRDA:358,67,2,0
BRDA:364,68,0,0
BRDA:364,68,1,0
BRDA:364,68,2,0
BRDA:369,69,0,0
BRDA:369,69,1,0
BRDA:372,70,0,0
BRDA:372,70,1,0
BRDA:382,71,0,0
BRDA:382,71,1,0
BRDA:382,71,2,0
BRDA:382,71,3,0
BRDA:382,71,4,0
BRDA:382,71,5,0
BRDA:382,71,6,0
BRDA:382,71,7,0
BRDA:388,72,0,0
BRDA:388,72,1,0
BRDA:388,72,2,0
BRDA:388,72,3,0
BRDA:394,73,0,0
BRDA:394,73,1,0
BRDA:394,73,2,0
BRDA:394,73,3,0
BRDA:394,73,4,0
BRF:162
BRH:0
end_of_record
TN:
SF:src/components/inputs/InputCPF.jsx
FN:6,(anonymous_0)
FN:26,(anonymous_1)
FN:37,(anonymous_2)
FN:63,(anonymous_3)
FN:93,(anonymous_4)
FN:100,(anonymous_5)
FN:114,(anonymous_6)
FNF:7
FNH:0
FNDA:0,(anonymous_0)
FNDA:0,(anonymous_1)
FNDA:0,(anonymous_2)
FNDA:0,(anonymous_3)
FNDA:0,(anonymous_4)
FNDA:0,(anonymous_5)
FNDA:0,(anonymous_6)
DA:6,0
DA:19,0
DA:20,0
DA:21,0
DA:22,0
DA:23,0
DA:26,0
DA:27,0
DA:28,0
DA:29,0
DA:31,0
DA:32,0
DA:37,0
DA:38,0
DA:40,0
DA:41,0
DA:42,0
DA:43,0
DA:46,0
DA:47,0
DA:48,0
DA:49,0
DA:52,0
DA:53,0
DA:54,0
DA:55,0
DA:58,0
DA:59,0
DA:60,0
DA:63,0
DA:64,0
DA:65,0
DA:68,0
DA:69,0
DA:71,0
DA:72,0
DA:75,0
DA:76,0
DA:80,0
DA:81,0
DA:93,0
DA:94,0
DA:95,0
DA:96,0
DA:100,0
DA:101,0
DA:102,0
DA:105,0
DA:106,0
DA:109,0
DA:110,0
DA:114,0
DA:115,0
DA:118,0
DA:120,0
DA:122,0
DA:123,0
DA:124,0
DA:125,0
DA:126,0
DA:127,0
DA:130,0
DA:132,0
DA:135,0
DA:136,0
DA:138,0
LF:66
LH:0
BRDA:7,0,0,0
BRDA:8,1,0,0
BRDA:10,2,0,0
BRDA:11,3,0,0
BRDA:12,4,0,0
BRDA:13,5,0,0
BRDA:14,6,0,0
BRDA:15,7,0,0
BRDA:16,8,0,0
BRDA:27,9,0,0
BRDA:27,9,1,0
BRDA:31,10,0,0
BRDA:31,10,1,0
BRDA:31,11,0,0
BRDA:31,11,1,0
BRDA:40,12,0,0
BRDA:40,12,1,0
BRDA:40,13,0,0
BRDA:40,13,1,0
BRDA:46,14,0,0
BRDA:46,14,1,0
BRDA:46,15,0,0
BRDA:46,15,1,0
BRDA:52,16,0,0
BRDA:52,16,1,0
BRDA:52,17,0,0
BRDA:52,17,1,0
BRDA:75,18,0,0
BRDA:75,18,1,0
BRDA:75,19,0,0
BRDA:75,19,1,0
BRDA:80,20,0,0
BRDA:80,20,1,0
BRDA:95,21,0,0
BRDA:95,21,1,0
BRDA:105,22,0,0
BRDA:105,22,1,0
BRDA:109,23,0,0
BRDA:109,23,1,0
BRDA:118,24,0,0
BRDA:118,24,1,0
BRDA:122,25,0,0
BRDA:122,25,1,0
BRDA:122,26,0,0
BRDA:122,26,1,0
BRDA:122,26,2,0
BRDA:122,26,3,0
BRDA:124,27,0,0
BRDA:124,27,1,0
BRDA:124,28,0,0
BRDA:124,28,1,0
BRDA:124,28,2,0
BRDA:124,28,3,0
BRDA:124,28,4,0
BRDA:126,29,0,0
BRDA:126,29,1,0
BRDA:130,30,0,0
BRDA:130,30,1,0
BRDA:135,31,0,0
BRDA:135,31,1,0
BRDA:135,32,0,0
BRDA:135,32,1,0
BRDA:135,33,0,0
BRDA:135,33,1,0
BRDA:135,33,2,0
BRDA:142,34,0,0
BRDA:142,34,1,0
BRDA:147,35,0,0
BRDA:147,35,1,0
BRDA:168,36,0,0
BRDA:168,36,1,0
BRDA:168,36,2,0
BRDA:168,36,3,0
BRDA:170,37,0,0
BRDA:170,37,1,0
BRDA:170,38,0,0
BRDA:170,38,1,0
BRDA:172,39,0,0
BRDA:172,39,1,0
BRDA:180,40,0,0
BRDA:180,40,1,0
BRDA:185,41,0,0
BRDA:185,41,1,0
BRDA:185,41,2,0
BRDA:185,41,3,0
BRDA:185,41,4,0
BRDA:185,41,5,0
BRDA:185,41,6,0
BRDA:191,42,0,0
BRDA:191,42,1,0
BRDA:191,42,2,0
BRDA:191,42,3,0
BRDA:197,43,0,0
BRDA:197,43,1,0
BRDA:197,43,2,0
BRDA:197,43,3,0
BRDA:197,43,4,0
BRF:97
BRH:0
end_of_record
TN:
SF:src/components/inputs/InputCurrency.jsx
FN:5,(anonymous_0)
FN:28,(anonymous_1)
FN:45,(anonymous_2)
FN:75,(anonymous_3)
FN:128,(anonymous_4)
FN:135,(anonymous_5)
FN:150,(anonymous_6)
FN:172,(anonymous_7)
FNF:8
FNH:0
FNDA:0,(anonymous_0)
FNDA:0,(anonymous_1)
FNDA:0,(anonymous_2)
FNDA:0,(anonymous_3)
FNDA:0,(anonymous_4)
FNDA:0,(anonymous_5)
FNDA:0,(anonymous_6)
FNDA:0,(anonymous_7)
DA:5,0
DA:21,0
DA:22,0
DA:23,0
DA:24,0
DA:25,0
DA:28,0
DA:29,0
DA:30,0
DA:31,0
DA:33,0
DA:34,0
DA:36,0
DA:37,0
DA:40,0
DA:45,0
DA:46,0
DA:47,0
DA:48,0
DA:49,0
DA:52,0
DA:53,0
DA:54,0
DA:55,0
DA:58,0
DA:59,0
DA:60,0
DA:61,0
DA:64,0
DA:65,0
DA:66,0
DA:67,0
DA:70,0
DA:71,0
DA:72,0
DA:75,0
DA:76,0
DA:79,0
DA:82,0
DA:83,0
DA:84,0
DA:85,0
DA:87,0
DA:88,0
DA:98,0
DA:102,0
DA:103,0
DA:104,0
DA:107,0
DA:110,0
DA:111,0
DA:115,0
DA:116,0
DA:128,0
DA:129,0
DA:130,0
DA:131,0
DA:135,0
DA:136,0
DA:137,0
DA:140,0
DA:141,0
DA:142,0
DA:145,0
DA:146,0
DA:150,0
DA:152,0
DA:157,0
DA:158,0
DA:162,0
DA:163,0
DA:167,0
DA:168,0
DA:172,0
DA:173,0
DA:176,0
DA:178,0
DA:180,0
DA:181,0
DA:182,0
DA:183,0
DA:184,0
DA:185,0
DA:188,0
DA:190,0
DA:193,0
DA:194,0
DA:196,0
LF:88
LH:0
BRDA:6,0,0,0
BRDA:7,1,0,0
BRDA:9,2,0,0
BRDA:10,3,0,0
BRDA:11,4,0,0
BRDA:12,5,0,0
BRDA:13,6,0,0
BRDA:14,7,0,0
BRDA:15,8,0,0
BRDA:16,9,0,0
BRDA:17,10,0,0
BRDA:18,11,0,0
BRDA:29,12,0,0
BRDA:29,12,1,0
BRDA:30,13,0,0
BRDA:30,13,1,0
BRDA:31,14,0,0
BRDA:31,14,1,0
BRDA:36,15,0,0
BRDA:36,15,1,0
BRDA:36,16,0,0
BRDA:36,16,1,0
BRDA:46,17,0,0
BRDA:46,17,1,0
BRDA:46,18,0,0
BRDA:46,18,1,0
BRDA:46,18,2,0
BRDA:52,19,0,0
BRDA:52,19,1,0
BRDA:52,20,0,0
BRDA:52,20,1,0
BRDA:58,21,0,0
BRDA:58,21,1,0
BRDA:58,22,0,0
BRDA:58,22,1,0
BRDA:64,23,0,0
BRDA:64,23,1,0
BRDA:64,24,0,0
BRDA:64,24,1,0
BRDA:83,25,0,0
BRDA:83,25,1,0
BRDA:87,26,0,0
BRDA:87,26,1,0
BRDA:110,27,0,0
BRDA:110,27,1,0
BRDA:115,28,0,0
BRDA:115,28,1,0
BRDA:130,29,0,0
BRDA:130,29,1,0
BRDA:140,30,0,0
BRDA:140,30,1,0
BRDA:145,31,0,0
BRDA:145,31,1,0
BRDA:157,32,0,0
BRDA:157,32,1,0
BRDA:162,33,0,0
BRDA:162,33,1,0
BRDA:162,34,0,0
BRDA:162,34,1,0
BRDA:167,35,0,0
BRDA:167,35,1,0
BRDA:176,36,0,0
BRDA:176,36,1,0
BRDA:180,37,0,0
BRDA:180,37,1,0
BRDA:180,38,0,0
BRDA:180,38,1,0
BRDA:180,38,2,0
BRDA:180,38,3,0
BRDA:182,39,0,0
BRDA:182,39,1,0
BRDA:182,40,0,0
BRDA:182,40,1,0
BRDA:182,40,2,0
BRDA:182,40,3,0
BRDA:184,41,0,0
BRDA:184,41,1,0
BRDA:188,42,0,0
BRDA:188,42,1,0
BRDA:193,43,0,0
BRDA:193,43,1,0
BRDA:193,44,0,0
BRDA:193,44,1,0
BRDA:193,45,0,0
BRDA:193,45,1,0
BRDA:193,45,2,0
BRDA:200,46,0,0
BRDA:200,46,1,0
BRDA:205,47,0,0
BRDA:205,47,1,0
BRDA:227,48,0,0
BRDA:227,48,1,0
BRDA:227,48,2,0
BRDA:227,48,3,0
BRDA:229,49,0,0
BRDA:229,49,1,0
BRDA:243,50,0,0
BRDA:243,50,1,0
BRDA:248,51,0,0
BRDA:248,51,1,0
BRDA:248,51,2,0
BRDA:248,51,3,0
BRDA:248,51,4,0
BRDA:248,51,5,0
BRDA:257,52,0,0
BRDA:257,52,1,0
BRDA:257,52,2,0
BRDA:257,52,3,0
BRDA:264,53,0,0
BRDA:264,53,1,0
BRDA:264,53,2,0
BRDA:264,53,3,0
BRDA:264,53,4,0
BRDA:264,53,5,0
BRDA:266,54,0,0
BRDA:266,54,1,0
BRDA:266,55,0,0
BRDA:266,55,1,0
BRDA:268,56,0,0
BRDA:268,56,1,0
BRF:120
BRH:0
end_of_record
TN:
SF:src/components/inputs/InputDate.jsx
FN:6,(anonymous_0)
FN:30,(anonymous_1)
FN:55,(anonymous_2)
FN:151,(anonymous_3)
FN:184,(anonymous_4)
FN:191,(anonymous_5)
FN:205,(anonymous_6)
FNF:7
FNH:0
FNDA:0,(anonymous_0)
FNDA:0,(anonymous_1)
FNDA:0,(anonymous_2)
FNDA:0,(anonymous_3)
FNDA:0,(anonymous_4)
FNDA:0,(anonymous_5)
FNDA:0,(anonymous_6)
DA:6,0
DA:23,0
DA:24,0
DA:25,0
DA:26,0
DA:27,0
DA:30,0
DA:31,0
DA:32,0
DA:34,0
DA:36,0
DA:37,0
DA:38,0
DA:39,0
DA:43,0
DA:47,0
DA:49,0
DA:50,0
DA:55,0
DA:56,0
DA:58,0
DA:59,0
DA:60,0
DA:61,0
DA:64,0
DA:65,0
DA:66,0
DA:67,0
DA:70,0
DA:72,0
DA:73,0
DA:74,0
DA:77,0
DA:78,0
DA:79,0
DA:80,0
DA:83,0
DA:84,0
DA:85,0
DA:86,0
DA:89,0
DA:90,0
DA:91,0
DA:92,0
DA:96,0
DA:97,0
DA:98,0
DA:99,0
DA:100,0
DA:104,0
DA:105,0
DA:106,0
DA:107,0
DA:108,0
DA:109,0
DA:110,0
DA:115,0
DA:116,0
DA:117,0
DA:118,0
DA:119,0
DA:120,0
DA:121,0
DA:126,0
DA:127,0
DA:128,0
DA:129,0
DA:130,0
DA:131,0
DA:136,0
DA:137,0
DA:138,0
DA:139,0
DA:140,0
DA:141,0
DA:146,0
DA:147,0
DA:148,0
DA:151,0
DA:152,0
DA:153,0
DA:156,0
DA:157,0
DA:159,0
DA:160,0
DA:163,0
DA:164,0
DA:168,0
DA:169,0
DA:171,0
DA:184,0
DA:185,0
DA:186,0
DA:187,0
DA:191,0
DA:192,0
DA:193,0
DA:196,0
DA:197,0
DA:200,0
DA:201,0
DA:205,0
DA:206,0
DA:209,0
DA:211,0
DA:213,0
DA:214,0
DA:215,0
DA:216,0
DA:217,0
DA:218,0
DA:221,0
DA:223,0
DA:226,0
DA:227,0
DA:229,0
LF:116
LH:0
BRDA:7,0,0,0
BRDA:8,1,0,0
BRDA:10,2,0,0
BRDA:11,3,0,0
BRDA:12,4,0,0
BRDA:13,5,0,0
BRDA:14,6,0,0
BRDA:15,7,0,0
BRDA:16,8,0,0
BRDA:17,9,0,0
BRDA:18,10,0,0
BRDA:19,11,0,0
BRDA:20,12,0,0
BRDA:31,13,0,0
BRDA:31,13,1,0
BRDA:34,14,0,0
BRDA:34,14,1,0
BRDA:36,15,0,0
BRDA:36,15,1,0
BRDA:36,16,0,0
BRDA:36,16,1,0
BRDA:38,17,0,0
BRDA:38,17,1,0
BRDA:49,18,0,0
BRDA:49,18,1,0
BRDA:49,19,0,0
BRDA:49,19,1,0
BRDA:58,20,0,0
BRDA:58,20,1,0
BRDA:58,21,0,0
BRDA:58,21,1,0
BRDA:64,22,0,0
BRDA:64,22,1,0
BRDA:64,23,0,0
BRDA:64,23,1,0
BRDA:70,24,0,0
BRDA:70,24,1,0
BRDA:70,25,0,0
BRDA:70,25,1,0
BRDA:77,26,0,0
BRDA:77,26,1,0
BRDA:77,27,0,0
BRDA:77,27,1,0
BRDA:83,28,0,0
BRDA:83,28,1,0
BRDA:83,29,0,0
BRDA:83,29,1,0
BRDA:89,30,0,0
BRDA:89,30,1,0
BRDA:89,31,0,0
BRDA:89,31,1,0
BRDA:97,32,0,0
BRDA:97,32,1,0
BRDA:97,33,0,0
BRDA:97,33,1,0
BRDA:97,33,2,0
BRDA:104,34,0,0
BRDA:104,34,1,0
BRDA:107,35,0,0
BRDA:107,35,1,0
BRDA:115,36,0,0
BRDA:115,36,1,0
BRDA:118,37,0,0
BRDA:118,37,1,0
BRDA:126,38,0,0
BRDA:126,38,1,0
BRDA:128,39,0,0
BRDA:128,39,1,0
BRDA:136,40,0,0
BRDA:136,40,1,0
BRDA:138,41,0,0
BRDA:138,41,1,0
BRDA:163,42,0,0
BRDA:163,42,1,0
BRDA:163,43,0,0
BRDA:163,43,1,0
BRDA:163,43,2,0
BRDA:168,44,0,0
BRDA:168,44,1,0
BRDA:169,45,0,0
BRDA:169,45,1,0
BRDA:186,46,0,0
BRDA:186,46,1,0
BRDA:196,47,0,0
BRDA:196,47,1,0
BRDA:200,48,0,0
BRDA:200,48,1,0
BRDA:209,49,0,0
BRDA:209,49,1,0
BRDA:213,50,0,0
BRDA:213,50,1,0
BRDA:213,51,0,0
BRDA:213,51,1,0
BRDA:213,51,2,0
BRDA:213,51,3,0
BRDA:215,52,0,0
BRDA:215,52,1,0
BRDA:215,53,0,0
BRDA:215,53,1,0
BRDA:215,53,2,0
BRDA:215,53,3,0
BRDA:217,54,0,0
BRDA:217,54,1,0
BRDA:221,55,0,0
BRDA:221,55,1,0
BRDA:226,56,0,0
BRDA:226,56,1,0
BRDA:226,57,0,0
BRDA:226,57,1,0
BRDA:226,58,0,0
BRDA:226,58,1,0
BRDA:226,58,2,0
BRDA:233,59,0,0
BRDA:233,59,1,0
BRDA:238,60,0,0
BRDA:238,60,1,0
BRDA:259,61,0,0
BRDA:259,61,1,0
BRDA:259,61,2,0
BRDA:259,61,3,0
BRDA:261,62,0,0
BRDA:261,62,1,0
BRDA:261,63,0,0
BRDA:261,63,1,0
BRDA:263,64,0,0
BRDA:263,64,1,0
BRDA:271,65,0,0
BRDA:271,65,1,0
BRDA:276,66,0,0
BRDA:276,66,1,0
BRDA:276,66,2,0
BRDA:276,66,3,0
BRDA:276,66,4,0
BRDA:276,66,5,0
BRDA:276,66,6,0
BRDA:282,67,0,0
BRDA:282,67,1,0
BRDA:282,67,2,0
BRDA:282,67,3,0
BRDA:288,68,0,0
BRDA:288,68,1,0
BRDA:288,68,2,0
BRDA:288,68,3,0
BRDA:288,68,4,0
BRDA:295,69,0,0
BRDA:295,69,1,0
BRDA:295,69,2,0
BRDA:295,69,3,0
BRDA:295,69,4,0
BRDA:295,69,5,0
BRDA:297,70,0,0
BRDA:297,70,1,0
BRDA:297,71,0,0
BRDA:297,71,1,0
BRDA:299,72,0,0
BRDA:299,72,1,0
BRF:156
BRH:0
end_of_record
TN:
SF:src/components/inputs/InputEmail.jsx
FN:5,(anonymous_0)
FN:26,(anonymous_1)
FN:37,(anonymous_2)
FN:57,(anonymous_3)
FN:80,(anonymous_4)
FN:87,(anonymous_5)
FN:101,(anonymous_6)
FN:122,(anonymous_7)
FN:135,(anonymous_8)
FN:196,(anonymous_9)
FNF:10
FNH:0
FNDA:0,(anonymous_0)
FNDA:0,(anonymous_1)
FNDA:0,(anonymous_2)
FNDA:0,(anonymous_3)
FNDA:0,(anonymous_4)
FNDA:0,(anonymous_5)
FNDA:0,(anonymous_6)
FNDA:0,(anonymous_7)
FNDA:0,(anonymous_8)
FNDA:0,(anonymous_9)
DA:5,0
DA:19,0
DA:20,0
DA:21,0
DA:22,0
DA:23,0
DA:26,0
DA:27,0
DA:28,0
DA:31,0
DA:32,0
DA:37,0
DA:38,0
DA:40,0
DA:41,0
DA:42,0
DA:43,0
DA:46,0
DA:47,0
DA:48,0
DA:49,0
DA:52,0
DA:53,0
DA:54,0
DA:57,0
DA:58,0
DA:59,0
DA:60,0
DA:63,0
DA:64,0
DA:68,0
DA:69,0
DA:80,0
DA:81,0
DA:82,0
DA:83,0
DA:87,0
DA:88,0
DA:89,0
DA:92,0
DA:93,0
DA:96,0
DA:97,0
DA:101,0
DA:102,0
DA:105,0
DA:107,0
DA:109,0
DA:110,0
DA:111,0
DA:112,0
DA:113,0
DA:114,0
DA:117,0
DA:119,0
DA:122,0
DA:123,0
DA:128,0
DA:129,0
DA:131,0
DA:132,0
DA:135,0
DA:136,0
DA:139,0
DA:142,0
DA:143,0
DA:145,0
DA:197,0
DA:198,0
DA:199,0
DA:200,0
LF:71
LH:0
BRDA:6,0,0,0
BRDA:7,1,0,0
BRDA:9,2,0,0
BRDA:10,3,0,0
BRDA:11,4,0,0
BRDA:12,5,0,0
BRDA:13,6,0,0
BRDA:14,7,0,0
BRDA:15,8,0,0
BRDA:16,9,0,0
BRDA:27,10,0,0
BRDA:27,10,1,0
BRDA:31,11,0,0
BRDA:31,11,1,0
BRDA:31,12,0,0
BRDA:31,12,1,0
BRDA:31,12,2,0
BRDA:40,13,0,0
BRDA:40,13,1,0
BRDA:40,14,0,0
BRDA:40,14,1,0
BRDA:46,15,0,0
BRDA:46,15,1,0
BRDA:46,16,0,0
BRDA:46,16,1,0
BRDA:63,17,0,0
BRDA:63,17,1,0
BRDA:63,18,0,0
BRDA:63,18,1,0
BRDA:68,19,0,0
BRDA:68,19,1,0
BRDA:82,20,0,0
BRDA:82,20,1,0
BRDA:92,21,0,0
BRDA:92,21,1,0
BRDA:96,22,0,0
BRDA:96,22,1,0
BRDA:105,23,0,0
BRDA:105,23,1,0
BRDA:109,24,0,0
BRDA:109,24,1,0
BRDA:109,25,0,0
BRDA:109,25,1,0
BRDA:109,25,2,0
BRDA:109,25,3,0
BRDA:111,26,0,0
BRDA:111,26,1,0
BRDA:111,27,0,0
BRDA:111,27,1,0
BRDA:111,27,2,0
BRDA:111,27,3,0
BRDA:113,28,0,0
BRDA:113,28,1,0
BRDA:117,29,0,0
BRDA:117,29,1,0
BRDA:129,30,0,0
BRDA:129,30,1,0
BRDA:132,31,0,0
BRDA:132,31,1,0
BRDA:136,32,0,0
BRDA:136,32,1,0
BRDA:139,33,0,0
BRDA:139,33,1,0
BRDA:142,34,0,0
BRDA:142,34,1,0
BRDA:142,35,0,0
BRDA:142,35,1,0
BRDA:142,36,0,0
BRDA:142,36,1,0
BRDA:142,36,2,0
BRDA:143,37,0,0
BRDA:143,37,1,0
BRDA:143,38,0,0
BRDA:143,38,1,0
BRDA:149,39,0,0
BRDA:149,39,1,0
BRDA:154,40,0,0
BRDA:154,40,1,0
BRDA:175,41,0,0
BRDA:175,41,1,0
BRDA:175,41,2,0
BRDA:175,41,3,0
BRDA:177,42,0,0
BRDA:177,42,1,0
BRDA:187,43,0,0
BRDA:187,43,1,0
BRDA:192,44,0,0
BRDA:192,44,1,0
BRDA:192,44,2,0
BRDA:199,45,0,0
BRDA:199,45,1,0
BRDA:218,46,0,0
BRDA:218,46,1,0
BRDA:218,46,2,0
BRDA:218,46,3,0
BRDA:218,46,4,0
BRDA:218,46,5,0
BRDA:218,46,6,0
BRDA:224,47,0,0
BRDA:224,47,1,0
BRDA:224,47,2,0
BRDA:224,47,3,0
BRF:102
BRH:0
end_of_record
TN:
SF:src/components/inputs/InputPhone.jsx
FN:7,(anonymous_0)
FN:26,(anonymous_1)
FN:38,(anonymous_2)
FN:70,(anonymous_3)
FN:99,(anonymous_4)
FN:106,(anonymous_5)
FN:119,(anonymous_6)
FN:137,(anonymous_7)
FNF:8
FNH:0
FNDA:0,(anonymous_0)
FNDA:0,(anonymous_1)
FNDA:0,(anonymous_2)
FNDA:0,(anonymous_3)
FNDA:0,(anonymous_4)
FNDA:0,(anonymous_5)
FNDA:0,(anonymous_6)
FNDA:0,(anonymous_7)
DA:7,0
DA:20,0
DA:21,0
DA:22,0
DA:23,0
DA:26,0
DA:27,0
DA:28,0
DA:29,0
DA:32,0
DA:33,0
DA:38,0
DA:39,0
DA:41,0
DA:42,0
DA:43,0
DA:44,0
DA:47,0
DA:48,0
DA:50,0
DA:51,0
DA:52,0
DA:53,0
DA:55,0
DA:56,0
DA:57,0
DA:59,0
DA:62,0
DA:65,0
DA:66,0
DA:67,0
DA:70,0
DA:71,0
DA:72,0
DA:75,0
DA:76,0
DA:78,0
DA:81,0
DA:82,0
DA:86,0
DA:87,0
DA:99,0
DA:100,0
DA:101,0
DA:102,0
DA:106,0
DA:107,0
DA:110,0
DA:111,0
DA:114,0
DA:115,0
DA:119,0
DA:120,0
DA:122,0
DA:124,0
DA:125,0
DA:126,0
DA:127,0
DA:128,0
DA:129,0
DA:132,0
DA:134,0
DA:137,0
DA:138,0
DA:139,0
DA:140,0
DA:141,0
DA:142,0
DA:144,0
DA:147,0
DA:148,0
DA:150,0
LF:72
LH:0
BRDA:8,0,0,0
BRDA:9,1,0,0
BRDA:11,2,0,0
BRDA:12,3,0,0
BRDA:13,4,0,0
BRDA:14,5,0,0
BRDA:15,6,0,0
BRDA:16,7,0,0
BRDA:17,8,0,0
BRDA:27,9,0,0
BRDA:27,9,1,0
BRDA:32,10,0,0
BRDA:32,10,1,0
BRDA:32,11,0,0
BRDA:32,11,1,0
BRDA:32,11,2,0
BRDA:41,12,0,0
BRDA:41,12,1,0
BRDA:41,13,0,0
BRDA:41,13,1,0
BRDA:47,14,0,0
BRDA:47,14,1,0
BRDA:47,15,0,0
BRDA:47,15,1,0
BRDA:50,16,0,0
BRDA:50,16,1,0
BRDA:52,17,0,0
BRDA:52,17,1,0
BRDA:56,18,0,0
BRDA:56,18,1,0
BRDA:81,19,0,0
BRDA:81,19,1,0
BRDA:86,20,0,0
BRDA:86,20,1,0
BRDA:101,21,0,0
BRDA:101,21,1,0
BRDA:110,22,0,0
BRDA:110,22,1,0
BRDA:114,23,0,0
BRDA:114,23,1,0
BRDA:124,24,0,0
BRDA:124,24,1,0
BRDA:124,25,0,0
BRDA:124,25,1,0
BRDA:124,25,2,0
BRDA:126,26,0,0
BRDA:126,26,1,0
BRDA:126,27,0,0
BRDA:126,27,1,0
BRDA:126,27,2,0
BRDA:128,28,0,0
BRDA:128,28,1,0
BRDA:132,29,0,0
BRDA:132,29,1,0
BRDA:139,30,0,0
BRDA:139,30,1,0
BRDA:141,31,0,0
BRDA:141,31,1,0
BRDA:147,32,0,0
BRDA:147,32,1,0
BRDA:147,33,0,0
BRDA:147,33,1,0
BRDA:147,34,0,0
BRDA:147,34,1,0
BRDA:155,35,0,0
BRDA:155,35,1,0
BRDA:157,36,0,0
BRDA:157,36,1,0
BRDA:180,37,0,0
BRDA:180,37,1,0
BRDA:180,37,2,0
BRDA:182,38,0,0
BRDA:182,38,1,0
BRDA:196,39,0,0
BRDA:196,39,1,0
BRDA:200,40,0,0
BRDA:200,40,1,0
BRDA:200,40,2,0
BRDA:200,40,3,0
BRDA:202,41,0,0
BRDA:202,41,1,0
BRF:81
BRH:0
end_of_record
TN:
SF:src/components/inputs/InputWhatsApp.jsx
FN:5,(anonymous_0)
FN:14,(anonymous_1)
FN:30,(anonymous_2)
FN:46,(anonymous_3)
FN:58,(anonymous_4)
FN:71,(anonymous_5)
FN:82,(anonymous_6)
FN:101,(anonymous_7)
FN:114,(anonymous_8)
FN:138,(anonymous_9)
FNF:10
FNH:0
FNDA:0,(anonymous_0)
FNDA:0,(anonymous_1)
FNDA:0,(anonymous_2)
FNDA:0,(anonymous_3)
FNDA:0,(anonymous_4)
FNDA:0,(anonymous_5)
FNDA:0,(anonymous_6)
FNDA:0,(anonymous_7)
FNDA:0,(anonymous_8)
FNDA:0,(anonymous_9)
DA:5,0
DA:12,0
DA:14,0
DA:15,0
DA:23,0
DA:30,0
DA:46,0
DA:58,0
DA:71,0
DA:82,0
DA:101,0
DA:114,0
DA:138,0
LF:13
LH:0
BRDA:8,0,0,0
BRDA:9,1,0,0
BRDA:19,2,0,0
BRDA:19,2,1,0
BRDA:19,3,0,0
BRDA:19,3,1,0
BRDA:29,4,0,0
BRDA:29,4,1,0
BRDA:39,5,0,0
BRDA:39,5,1,0
BRDA:45,6,0,0
BRDA:45,6,1,0
BRDA:54,7,0,0
BRDA:54,7,1,0
BRDA:57,8,0,0
BRDA:57,8,1,0
BRDA:70,9,0,0
BRDA:70,9,1,0
BRDA:81,10,0,0
BRDA:81,10,1,0
BRDA:91,11,0,0
BRDA:91,11,1,0
BRDA:100,12,0,0
BRDA:100,12,1,0
BRDA:113,13,0,0
BRDA:113,13,1,0
BRDA:123,14,0,0
BRDA:123,14,1,0
BRDA:123,14,2,0
BRDA:127,15,0,0
BRDA:127,15,1,0
BRDA:142,16,0,0
BRDA:142,16,1,0
BRF:33
BRH:0
end_of_record
TN:
SF:src/components/inputs/index.js
FNF:0
FNH:0
LF:0
LH:0
BRF:0
BRH:0
end_of_record
TN:
SF:src/components/layout/AdminLayout.tsx
FN:7,(anonymous_0)
FN:17,(anonymous_1)
FN:18,(anonymous_2)
FN:35,(anonymous_3)
FN:36,(anonymous_4)
FN:51,(anonymous_5)
FN:54,(anonymous_6)
FN:63,(anonymous_7)
FN:70,(anonymous_8)
FN:77,(anonymous_9)
FN:83,(anonymous_10)
FN:90,(anonymous_11)
FN:91,(anonymous_12)
FN:94,(anonymous_13)
FNF:14
FNH:0
FNDA:0,(anonymous_0)
FNDA:0,(anonymous_1)
FNDA:0,(anonymous_2)
FNDA:0,(anonymous_3)
FNDA:0,(anonymous_4)
FNDA:0,(anonymous_5)
FNDA:0,(anonymous_6)
FNDA:0,(anonymous_7)
FNDA:0,(anonymous_8)
FNDA:0,(anonymous_9)
FNDA:0,(anonymous_10)
FNDA:0,(anonymous_11)
FNDA:0,(anonymous_12)
FNDA:0,(anonymous_13)
DA:7,0
DA:8,0
DA:9,0
DA:10,0
DA:11,0
DA:12,0
DA:13,0
DA:14,0
DA:17,0
DA:18,0
DA:19,0
DA:20,0
DA:22,0
DA:23,0
DA:24,0
DA:25,0
DA:27,0
DA:28,0
DA:31,0
DA:35,0
DA:36,0
DA:37,0
DA:38,0
DA:40,0
DA:41,0
DA:42,0
DA:44,0
DA:48,0
DA:49,0
DA:51,0
DA:54,0
DA:55,0
DA:56,0
DA:58,0
DA:63,0
DA:64,0
DA:65,0
DA:70,0
DA:71,0
DA:72,0
DA:74,0
DA:77,0
DA:78,0
DA:83,0
DA:84,0
DA:85,0
DA:90,0
DA:91,0
DA:92,0
DA:94,0
DA:95,0
DA:97,0
DA:104,0
DA:105,0
DA:108,0
DA:111,0
DA:115,0
DA:116,0
DA:127,0
DA:128,0
DA:131,0
DA:214,0
LF:62
LH:0
BRDA:20,0,0,0
BRDA:20,0,1,0
BRDA:40,1,0,0
BRDA:40,1,1,0
BRDA:55,2,0,0
BRDA:55,2,1,0
BRDA:64,3,0,0
BRDA:64,3,1,0
BRDA:64,4,0,0
BRDA:64,4,1,0
BRDA:71,5,0,0
BRDA:71,5,1,0
BRDA:71,6,0,0
BRDA:71,6,1,0
BRDA:84,7,0,0
BRDA:84,7,1,0
BRDA:84,8,0,0
BRDA:84,8,1,0
BRDA:104,9,0,0
BRDA:104,9,1,0
BRDA:115,10,0,0
BRDA:115,10,1,0
BRDA:127,11,0,0
BRDA:127,11,1,0
BRDA:142,12,0,0
BRDA:142,12,1,0
BRDA:145,13,0,0
BRDA:145,13,1,0
BRDA:155,14,0,0
BRDA:155,14,1,0
BRDA:158,15,0,0
BRDA:158,15,1,0
BRDA:169,16,0,0
BRDA:169,16,1,0
BRDA:184,17,0,0
BRDA:184,17,1,0
BRF:36
BRH:0
end_of_record
TN:
SF:src/components/layout/Footer.jsx
FN:4,(anonymous_0)
FNF:1
FNH:0
FNDA:0,(anonymous_0)
DA:4,0
DA:5,0
DA:7,0
LF:3
LH:0
BRF:0
BRH:0
end_of_record
TN:
SF:src/components/layout/Header.jsx
FN:8,(anonymous_0)
FN:19,(anonymous_1)
FN:20,(anonymous_2)
FN:33,(anonymous_3)
FN:48,(anonymous_4)
FN:118,(anonymous_5)
FN:141,(anonymous_6)
FN:156,(anonymous_7)
FN:174,(anonymous_8)
FN:196,(anonymous_9)
FNF:10
FNH:0
FNDA:0,(anonymous_0)
FNDA:0,(anonymous_1)
FNDA:0,(anonymous_2)
FNDA:0,(anonymous_3)
FNDA:0,(anonymous_4)
FNDA:0,(anonymous_5)
FNDA:0,(anonymous_6)
FNDA:0,(anonymous_7)
FNDA:0,(anonymous_8)
FNDA:0,(anonymous_9)
DA:8,0
DA:9,0
DA:10,0
DA:11,0
DA:12,0
DA:14,0
DA:15,0
DA:16,0
DA:19,0
DA:20,0
DA:21,0
DA:22,0
DA:24,0
DA:25,0
DA:27,0
DA:28,0
DA:32,0
DA:33,0
DA:36,0
DA:42,0
DA:48,0
DA:49,0
DA:51,0
DA:118,0
DA:142,0
DA:156,0
DA:175,0
DA:196,0
LF:28
LH:0
BRDA:21,0,0,0
BRDA:21,0,1,0
BRDA:21,1,0,0
BRDA:21,1,1,0
BRDA:24,2,0,0
BRDA:24,2,1,0
BRDA:24,3,0,0
BRDA:24,3,1,0
BRDA:27,4,0,0
BRDA:27,4,1,0
BRDA:27,5,0,0
BRDA:27,5,1,0
BRDA:63,6,0,0
BRDA:63,6,1,0
BRDA:63,7,0,0
BRDA:63,7,1,0
BRDA:63,8,0,0
BRDA:63,8,1,0
BRDA:65,9,0,0
BRDA:65,9,1,0
BRDA:65,10,0,0
BRDA:65,10,1,0
BRDA:81,11,0,0
BRDA:81,11,1,0
BRDA:106,12,0,0
BRDA:106,12,1,0
BRDA:108,13,0,0
BRDA:108,13,1,0
BRDA:122,14,0,0
BRDA:122,14,1,0
BRDA:130,15,0,0
BRDA:130,15,1,0
BRDA:160,16,0,0
BRDA:160,16,1,0
BRDA:168,17,0,0
BRDA:168,17,1,0
BRDA:210,18,0,0
BRDA:210,18,1,0
BRF:38
BRH:0
end_of_record
TN:
SF:src/components/layout/Sidebar.jsx
FN:11,(anonymous_0)
FN:22,(anonymous_1)
FN:23,(anonymous_2)
FN:112,(anonymous_3)
FN:116,(anonymous_4)
FN:117,(anonymous_5)
FN:210,(anonymous_6)
FN:215,(anonymous_7)
FN:243,(anonymous_8)
FNF:9
FNH:0
FNDA:0,(anonymous_0)
FNDA:0,(anonymous_1)
FNDA:0,(anonymous_2)
FNDA:0,(anonymous_3)
FNDA:0,(anonymous_4)
FNDA:0,(anonymous_5)
FNDA:0,(anonymous_6)
FNDA:0,(anonymous_7)
FNDA:0,(anonymous_8)
DA:11,0
DA:12,0
DA:13,0
DA:22,0
DA:23,0
DA:29,0
DA:112,0
DA:113,0
DA:116,0
DA:117,0
DA:120,0
DA:211,0
DA:215,0
DA:244,0
LF:14
LH:0
BRDA:124,0,0,0
BRDA:124,0,1,0
BRDA:139,1,0,0
BRDA:139,1,1,0
BRDA:155,2,0,0
BRDA:155,2,1,0
BRDA:161,3,0,0
BRDA:161,3,1,0
BRDA:174,4,0,0
BRDA:174,4,1,0
BRDA:180,5,0,0
BRDA:180,5,1,0
BRDA:193,6,0,0
BRDA:193,6,1,0
BRDA:199,7,0,0
BRDA:199,7,1,0
BRDA:212,8,0,0
BRDA:212,8,1,0
BRDA:217,9,0,0
BRDA:217,9,1,0
BRDA:224,10,0,0
BRDA:224,10,1,0
BRDA:227,11,0,0
BRDA:227,11,1,0
BRDA:235,12,0,0
BRDA:235,12,1,0
BRDA:236,13,0,0
BRDA:236,13,1,0
BRDA:241,14,0,0
BRDA:241,14,1,0
BRDA:241,14,2,0
BRDA:248,15,0,0
BRDA:248,15,1,0
BRDA:255,16,0,0
BRDA:255,16,1,0
BRDA:269,17,0,0
BRDA:269,17,1,0
BRDA:275,18,0,0
BRDA:275,18,1,0
BRDA:278,19,0,0
BRDA:278,19,1,0
BRDA:294,20,0,0
BRDA:294,20,1,0
BRDA:304,21,0,0
BRDA:304,21,1,0
BRF:45
BRH:0
end_of_record
TN:
SF:src/components/metadata/ReceitaFederalInfo.jsx
FN:4,(anonymous_0)
FN:60,(anonymous_1)
FNF:2
FNH:0
FNDA:0,(anonymous_0)
FNDA:0,(anonymous_1)
DA:4,0
DA:15,0
DA:16,0
DA:19,0
DA:20,0
DA:23,0
DA:61,0
LF:7
LH:0
BRDA:6,0,0,0
BRDA:7,1,0,0
BRDA:8,2,0,0
BRDA:9,3,0,0
BRDA:10,4,0,0
BRDA:11,5,0,0
BRDA:12,6,0,0
BRDA:15,7,0,0
BRDA:15,7,1,0
BRDA:15,8,0,0
BRDA:15,8,1,0
BRDA:15,8,2,0
BRDA:19,9,0,0
BRDA:19,9,1,0
BRDA:19,10,0,0
BRDA:19,10,1,0
BRDA:27,11,0,0
BRDA:27,11,1,0
BRDA:27,11,2,0
BRDA:34,12,0,0
BRDA:34,12,1,0
BRDA:35,13,0,0
BRDA:35,13,1,0
BRDA:35,13,2,0
BRDA:36,14,0,0
BRDA:36,14,1,0
BRDA:40,15,0,0
BRDA:40,15,1,0
BRDA:54,16,0,0
BRDA:54,16,1,0
BRDA:54,16,2,0
BRDA:54,16,3,0
BRDA:71,17,0,0
BRDA:71,17,1,0
BRDA:71,17,2,0
BRDA:71,17,3,0
BRDA:71,17,4,0
BRDA:73,18,0,0
BRDA:73,18,1,0
BRDA:83,19,0,0
BRDA:83,19,1,0
BRDA:93,20,0,0
BRDA:93,20,1,0
BRDA:107,21,0,0
BRDA:107,21,1,0
BRDA:107,21,2,0
BRDA:107,21,3,0
BRDA:107,21,4,0
BRDA:107,21,5,0
BRDA:109,22,0,0
BRDA:109,22,1,0
BRDA:119,23,0,0
BRDA:119,23,1,0
BRDA:129,24,0,0
BRDA:129,24,1,0
BRDA:129,24,2,0
BRDA:129,24,3,0
BRDA:143,25,0,0
BRDA:143,25,1,0
BRDA:143,25,2,0
BRDA:143,25,3,0
BRDA:145,26,0,0
BRDA:145,26,1,0
BRDA:155,27,0,0
BRDA:155,27,1,0
BRF:65
BRH:0
end_of_record
TN:
SF:src/components/mobile/CompanyMobileCard.jsx
FN:5,(anonymous_0)
FN:65,(anonymous_1)
FN:75,(anonymous_2)
FN:85,(anonymous_3)
FNF:4
FNH:0
FNDA:0,(anonymous_0)
FNDA:0,(anonymous_1)
FNDA:0,(anonymous_2)
FNDA:0,(anonymous_3)
DA:5,0
DA:6,0
DA:8,0
DA:65,0
DA:75,0
DA:85,0
DA:95,0
LF:7
LH:0
BRDA:6,0,0,0
BRDA:6,0,1,0
BRDA:15,1,0,0
BRDA:15,1,1,0
BRDA:17,2,0,0
BRDA:17,2,1,0
BRDA:17,2,2,0
BRDA:21,3,0,0
BRDA:21,3,1,0
BRDA:22,4,0,0
BRDA:22,4,1,0
BRDA:36,5,0,0
BRDA:36,5,1,0
BRDA:46,6,0,0
BRDA:46,6,1,0
BRDA:50,7,0,0
BRDA:50,7,1,0
BRDA:54,8,0,0
BRDA:54,8,1,0
BRF:19
BRH:0
end_of_record
TN:
SF:src/components/ui/Button.tsx
FN:18,(anonymous_0)
FN:74,(anonymous_1)
FN:80,(anonymous_2)
FNF:3
FNH:3
FNDA:30,(anonymous_0)
FNDA:1,(anonymous_1)
FNDA:2,(anonymous_2)
DA:18,1
DA:33,30
DA:40,30
DA:47,30
DA:65,30
DA:74,30
DA:75,1
DA:76,1
DA:80,30
DA:81,2
DA:82,0
DA:101,2
DA:104,30
LF:13
LH:12
BRDA:20,0,0,25
BRDA:21,1,0,28
BRDA:22,2,0,28
BRDA:23,3,0,27
BRDA:24,4,0,28
BRDA:25,5,0,29
BRDA:26,6,0,29
BRDA:28,7,0,29
BRDA:30,8,0,29
BRDA:48,9,0,2
BRDA:48,9,1,28
BRDA:51,10,0,2
BRDA:51,10,1,28
BRDA:54,11,0,2
BRDA:54,11,1,28
BRDA:57,12,0,2
BRDA:57,12,1,28
BRDA:60,13,0,2
BRDA:60,13,1,28
BRDA:69,14,0,30
BRDA:69,14,1,1
BRDA:70,15,0,30
BRDA:70,15,1,3
BRDA:75,16,0,1
BRDA:75,16,1,0
BRDA:75,17,0,1
BRDA:75,17,1,1
BRDA:75,17,2,1
BRDA:81,18,0,0
BRDA:81,18,1,2
BRDA:109,19,0,30
BRDA:109,19,1,28
BRDA:110,20,0,30
BRDA:110,20,1,28
BRDA:112,21,0,3
BRDA:112,21,1,27
BRDA:112,22,0,3
BRDA:112,22,1,3
BRDA:114,23,0,2
BRDA:114,23,1,28
BRDA:117,24,0,30
BRDA:117,24,1,3
BRDA:119,25,0,3
BRDA:119,25,1,3
BRDA:126,26,0,30
BRDA:126,26,1,2
BRDA:126,26,2,1
BRDA:131,27,0,3
BRDA:131,27,1,27
BRDA:134,28,0,30
BRDA:134,28,1,2
BRDA:134,28,2,1
BRF:52
BRH:50
end_of_record
TN:
SF:src/components/ui/Card.jsx
FN:3,(anonymous_0)
FNF:1
FNH:0
FNDA:0,(anonymous_0)
DA:3,0
DA:13,0
DA:19,0
DA:51,0
LF:4
LH:0
BRDA:5,0,0,0
BRDA:9,1,0,0
BRDA:10,2,0,0
BRDA:15,3,0,0
BRDA:15,3,1,0
BRDA:21,4,0,0
BRDA:21,4,1,0
BRDA:21,4,2,0
BRDA:21,4,3,0
BRDA:25,5,0,0
BRDA:25,5,1,0
BRDA:30,6,0,0
BRDA:30,6,1,0
BRDA:36,7,0,0
BRDA:36,7,1,0
BRDA:44,8,0,0
BRDA:44,8,1,0
BRF:17
BRH:0
end_of_record
TN:
SF:src/components/ui/Input.tsx
FN:18,(anonymous_0)
FNF:1
FNH:0
FNDA:0,(anonymous_0)
DA:18,0
DA:32,0
DA:39,0
DA:46,0
DA:53,0
DA:63,0
DA:69,0
DA:70,0
DA:71,0
DA:72,0
DA:74,0
DA:139,0
LF:12
LH:0
BRDA:22,0,0,0
BRDA:23,1,0,0
BRDA:24,2,0,0
BRDA:27,3,0,0
BRDA:28,4,0,0
BRDA:29,5,0,0
BRDA:57,6,0,0
BRDA:57,6,1,0
BRDA:58,7,0,0
BRDA:58,7,1,0
BRDA:59,8,0,0
BRDA:59,8,1,0
BRDA:69,9,0,0
BRDA:69,9,1,0
BRDA:70,10,0,0
BRDA:70,10,1,0
BRDA:71,11,0,0
BRDA:71,11,1,0
BRDA:72,12,0,0
BRDA:72,12,1,0
BRDA:76,13,0,0
BRDA:76,13,1,0
BRDA:83,14,0,0
BRDA:83,14,1,0
BRDA:93,15,0,0
BRDA:93,15,1,0
BRDA:109,16,0,0
BRDA:109,16,1,0
BRDA:112,17,0,0
BRDA:112,17,1,0
BRDA:115,18,0,0
BRDA:115,18,1,0
BRDA:124,19,0,0
BRDA:124,19,1,0
BRDA:130,20,0,0
BRDA:130,20,1,0
BRDA:130,20,2,0
BRF:37
BRH:0
end_of_record
TN:
SF:src/components/ui/Textarea.jsx
FN:4,(anonymous_0)
FNF:1
FNH:0
FNDA:0,(anonymous_0)
DA:4,0
DA:17,0
DA:38,0
DA:43,0
DA:74,0
LF:5
LH:0
BRDA:8,0,0,0
BRDA:9,1,0,0
BRDA:10,2,0,0
BRDA:11,3,0,0
BRDA:12,4,0,0
BRDA:13,5,0,0
BRDA:14,6,0,0
BRDA:23,7,0,0
BRDA:23,7,1,0
BRDA:24,8,0,0
BRDA:24,8,1,0
BRDA:25,9,0,0
BRDA:25,9,1,0
BRDA:28,10,0,0
BRDA:28,10,1,0
BRDA:29,11,0,0
BRDA:29,11,1,0
BRDA:30,12,0,0
BRDA:30,12,1,0
BRDA:31,13,0,0
BRDA:31,13,1,0
BRDA:33,14,0,0
BRDA:33,14,1,0
BRDA:34,15,0,0
BRDA:34,15,1,0
BRDA:45,16,0,0
BRDA:45,16,1,0
BRDA:48,17,0,0
BRDA:48,17,1,0
BRDA:59,18,0,0
BRDA:59,18,1,0
BRDA:65,19,0,0
BRDA:65,19,1,0
BRDA:65,19,2,0
BRF:34
BRH:0
end_of_record
TN:
SF:src/components/views/CompanyDetails.jsx
FN:11,(anonymous_0)
FN:17,(anonymous_1)
FN:23,(anonymous_2)
FN:46,(anonymous_3)
FN:47,(anonymous_4)
FN:67,(anonymous_5)
FN:73,(anonymous_6)
FN:78,(anonymous_7)
FN:84,(anonymous_8)
FN:144,(anonymous_9)
FN:161,(anonymous_10)
FN:171,(anonymous_11)
FN:182,(anonymous_12)
FN:192,(anonymous_13)
FN:203,(anonymous_14)
FN:213,(anonymous_15)
FN:223,(anonymous_16)
FN:247,(anonymous_17)
FN:273,(anonymous_18)
FN:293,(anonymous_19)
FN:313,(anonymous_20)
FN:332,(anonymous_21)
FN:366,(anonymous_22)
FN:373,(anonymous_23)
FN:449,(anonymous_24)
FNF:25
FNH:0
FNDA:0,(anonymous_0)
FNDA:0,(anonymous_1)
FNDA:0,(anonymous_2)
FNDA:0,(anonymous_3)
FNDA:0,(anonymous_4)
FNDA:0,(anonymous_5)
FNDA:0,(anonymous_6)
FNDA:0,(anonymous_7)
FNDA:0,(anonymous_8)
FNDA:0,(anonymous_9)
FNDA:0,(anonymous_10)
FNDA:0,(anonymous_11)
FNDA:0,(anonymous_12)
FNDA:0,(anonymous_13)
FNDA:0,(anonymous_14)
FNDA:0,(anonymous_15)
FNDA:0,(anonymous_16)
FNDA:0,(anonymous_17)
FNDA:0,(anonymous_18)
FNDA:0,(anonymous_19)
FNDA:0,(anonymous_20)
FNDA:0,(anonymous_21)
FNDA:0,(anonymous_22)
FNDA:0,(anonymous_23)
FNDA:0,(anonymous_24)
DA:11,0
DA:12,0
DA:13,0
DA:14,0
DA:15,0
DA:17,0
DA:18,0
DA:19,0
DA:23,0
DA:24,0
DA:25,0
DA:26,0
DA:29,0
DA:30,0
DA:37,0
DA:39,0
DA:40,0
DA:42,0
DA:46,0
DA:47,0
DA:48,0
DA:49,0
DA:50,0
DA:51,0
DA:53,0
DA:54,0
DA:58,0
DA:67,0
DA:68,0
DA:69,0
DA:70,0
DA:73,0
DA:74,0
DA:75,0
DA:78,0
DA:79,0
DA:80,0
DA:81,0
DA:84,0
DA:85,0
DA:86,0
DA:87,0
DA:90,0
DA:91,0
DA:99,0
DA:100,0
DA:108,0
DA:109,0
DA:119,0
DA:144,0
DA:161,0
DA:171,0
DA:182,0
DA:192,0
DA:203,0
DA:213,0
DA:223,0
DA:248,0
DA:273,0
DA:294,0
DA:313,0
DA:333,0
DA:366,0
DA:373,0
DA:450,0
LF:65
LH:0
BRDA:18,0,0,0
BRDA:18,0,1,0
BRDA:29,1,0,0
BRDA:29,1,1,0
BRDA:60,2,0,0
BRDA:60,2,1,0
BRDA:90,3,0,0
BRDA:90,3,1,0
BRDA:99,4,0,0
BRDA:99,4,1,0
BRDA:108,5,0,0
BRDA:108,5,1,0
BRDA:135,6,0,0
BRDA:135,6,1,0
BRDA:135,6,2,0
BRDA:163,7,0,0
BRDA:163,7,1,0
BRDA:173,8,0,0
BRDA:173,8,1,0
BRDA:184,9,0,0
BRDA:184,9,1,0
BRDA:194,10,0,0
BRDA:194,10,1,0
BRDA:205,11,0,0
BRDA:205,11,1,0
BRDA:215,12,0,0
BRDA:215,12,1,0
BRDA:225,13,0,0
BRDA:225,13,1,0
BRDA:237,14,0,0
BRDA:237,14,1,0
BRDA:244,15,0,0
BRDA:244,15,1,0
BRDA:244,15,2,0
BRDA:248,16,0,0
BRDA:248,16,1,0
BRDA:257,17,0,0
BRDA:257,17,1,0
BRDA:262,18,0,0
BRDA:262,18,1,0
BRDA:270,19,0,0
BRDA:270,19,1,0
BRDA:290,20,0,0
BRDA:290,20,1,0
BRDA:290,20,2,0
BRDA:294,21,0,0
BRDA:294,21,1,0
BRDA:303,22,0,0
BRDA:303,22,1,0
BRDA:329,23,0,0
BRDA:329,23,1,0
BRDA:329,23,2,0
BRDA:333,24,0,0
BRDA:333,24,1,0
BRDA:343,25,0,0
BRDA:343,25,1,0
BRDA:351,26,0,0
BRDA:351,26,1,0
BRDA:352,27,0,0
BRDA:352,27,1,0
BRDA:359,28,0,0
BRDA:359,28,1,0
BRDA:359,28,2,0
BRDA:390,29,0,0
BRDA:390,29,1,0
BRDA:390,29,2,0
BRDA:390,29,3,0
BRDA:436,30,0,0
BRDA:436,30,1,0
BRDA:446,31,0,0
BRDA:446,31,1,0
BRDA:446,31,2,0
BRDA:453,32,0,0
BRDA:453,32,1,0
BRDA:453,33,0,0
BRDA:453,33,1,0
BRDA:464,34,0,0
BRDA:464,34,1,0
BRDA:472,35,0,0
BRDA:472,35,1,0
BRDA:480,36,0,0
BRDA:480,36,1,0
BRDA:488,37,0,0
BRDA:488,37,1,0
BRDA:496,38,0,0
BRDA:496,38,1,0
BRDA:504,39,0,0
BRDA:504,39,1,0
BRF:88
BRH:0
end_of_record
TN:
SF:src/contexts/ThemeContext.jsx
FN:5,(anonymous_0)
FN:9,(anonymous_1)
FN:12,(anonymous_2)
FN:24,(anonymous_3)
FN:36,(anonymous_4)
FN:37,(anonymous_5)
FN:53,(anonymous_6)
FNF:7
FNH:0
FNDA:0,(anonymous_0)
FNDA:0,(anonymous_1)
FNDA:0,(anonymous_2)
FNDA:0,(anonymous_3)
FNDA:0,(anonymous_4)
FNDA:0,(anonymous_5)
FNDA:0,(anonymous_6)
DA:3,0
DA:9,0
DA:10,0
DA:12,0
DA:14,0
DA:15,0
DA:16,0
DA:19,0
DA:20,0
DA:24,0
DA:26,0
DA:27,0
DA:29,0
DA:33,0
DA:36,0
DA:37,0
DA:40,0
DA:46,0
DA:53,0
DA:54,0
DA:55,0
DA:56,0
DA:58,0
LF:23
LH:0
BRDA:15,0,0,0
BRDA:15,0,1,0
BRDA:20,1,0,0
BRDA:20,1,1,0
BRDA:26,2,0,0
BRDA:26,2,1,0
BRDA:37,3,0,0
BRDA:37,3,1,0
BRDA:55,4,0,0
BRDA:55,4,1,0
BRF:10
BRH:0
end_of_record
TN:
SF:src/hooks/index.js
FNF:0
FNH:0
LF:0
LH:0
BRF:0
BRH:0
end_of_record
TN:
SF:src/hooks/useCEP.js
FN:8,(anonymous_0)
FN:17,(anonymous_1)
FN:27,(anonymous_2)
FN:52,(anonymous_3)
FN:96,(anonymous_4)
FN:125,(anonymous_5)
FN:131,(anonymous_6)
FN:139,(anonymous_7)
FN:146,(anonymous_8)
FN:171,(anonymous_9)
FNF:10
FNH:0
FNDA:0,(anonymous_0)
FNDA:0,(anonymous_1)
FNDA:0,(anonymous_2)
FNDA:0,(anonymous_3)
FNDA:0,(anonymous_4)
FNDA:0,(anonymous_5)
FNDA:0,(anonymous_6)
FNDA:0,(anonymous_7)
FNDA:0,(anonymous_8)
FNDA:0,(anonymous_9)
DA:8,0
DA:15,0
DA:17,0
DA:18,0
DA:21,0
DA:22,0
DA:23,0
DA:24,0
DA:25,0
DA:27,0
DA:28,0
DA:30,0
DA:31,0
DA:32,0
DA:33,0
DA:36,0
DA:37,0
DA:39,0
DA:40,0
DA:42,0
DA:44,0
DA:47,0
DA:48,0
DA:49,0
DA:52,0
DA:53,0
DA:55,0
DA:57,0
DA:58,0
DA:59,0
DA:61,0
DA:62,0
DA:63,0
DA:64,0
DA:65,0
DA:67,0
DA:76,0
DA:77,0
DA:78,0
DA:81,0
DA:83,0
DA:86,0
DA:87,0
DA:88,0
DA:89,0
DA:90,0
DA:92,0
DA:96,0
DA:97,0
DA:98,0
DA:99,0
DA:101,0
DA:102,0
DA:105,0
DA:106,0
DA:109,0
DA:112,0
DA:113,0
DA:117,0
DA:125,0
DA:126,0
DA:127,0
DA:131,0
DA:132,0
DA:133,0
DA:134,0
DA:136,0
DA:139,0
DA:140,0
DA:141,0
DA:142,0
DA:143,0
DA:146,0
DA:147,0
DA:148,0
DA:149,0
DA:150,0
DA:151,0
DA:152,0
DA:155,0
DA:171,0
LF:81
LH:0
BRDA:8,0,0,0
BRDA:8,1,0,0
BRDA:10,2,0,0
BRDA:13,3,0,0
BRDA:14,4,0,0
BRDA:18,5,0,0
BRDA:18,5,1,0
BRDA:30,6,0,0
BRDA:30,6,1,0
BRDA:30,7,0,0
BRDA:30,7,1,0
BRDA:36,8,0,0
BRDA:36,8,1,0
BRDA:36,9,0,0
BRDA:36,9,1,0
BRDA:39,10,0,0
BRDA:39,10,1,0
BRDA:53,11,0,0
BRDA:53,11,1,0
BRDA:53,12,0,0
BRDA:53,12,1,0
BRDA:61,13,0,0
BRDA:61,13,1,0
BRDA:68,14,0,0
BRDA:68,14,1,0
BRDA:69,15,0,0
BRDA:69,15,1,0
BRDA:70,16,0,0
BRDA:70,16,1,0
BRDA:71,17,0,0
BRDA:71,17,1,0
BRDA:73,18,0,0
BRDA:73,18,1,0
BRDA:105,19,0,0
BRDA:105,19,1,0
BRDA:112,20,0,0
BRDA:112,20,1,0
BRDA:112,21,0,0
BRDA:112,21,1,0
BRDA:112,21,2,0
BRDA:126,22,0,0
BRDA:126,22,1,0
BRDA:133,23,0,0
BRDA:133,23,1,0
BRDA:174,24,0,0
BRDA:174,24,1,0
BRDA:176,25,0,0
BRDA:176,25,1,0
BRDA:176,25,2,0
BRDA:177,26,0,0
BRDA:177,26,1,0
BRDA:177,27,0,0
BRDA:177,27,1,0
BRDA:177,27,2,0
BRF:54
BRH:0
end_of_record
TN:
SF:src/hooks/useCompanyForm.ts
FN:47,(anonymous_0)
FN:101,(anonymous_1)
FN:154,(anonymous_2)
FN:160,(anonymous_3)
FN:161,(anonymous_4)
FN:167,(anonymous_5)
FN:168,(anonymous_6)
FN:171,(anonymous_7)
FN:172,(anonymous_8)
FN:178,(anonymous_9)
FN:179,(anonymous_10)
FN:181,(anonymous_11)
FN:185,(anonymous_12)
FN:186,(anonymous_13)
FN:189,(anonymous_14)
FN:190,(anonymous_15)
FN:196,(anonymous_16)
FN:197,(anonymous_17)
FN:199,(anonymous_18)
FN:203,(anonymous_19)
FN:204,(anonymous_20)
FN:207,(anonymous_21)
FN:208,(anonymous_22)
FN:214,(anonymous_23)
FN:215,(anonymous_24)
FN:217,(anonymous_25)
FN:221,(anonymous_26)
FN:255,(anonymous_27)
FN:282,(anonymous_28)
FN:295,(anonymous_29)
FN:304,(anonymous_30)
FN:353,(anonymous_31)
FN:359,(anonymous_32)
FN:363,(anonymous_33)
FN:397,(anonymous_34)
FN:402,(anonymous_35)
FN:419,(anonymous_36)
FN:425,(anonymous_37)
FN:476,(anonymous_38)
FN:477,(anonymous_39)
FN:486,(anonymous_40)
FN:487,(anonymous_41)
FN:493,(anonymous_42)
FN:494,(anonymous_43)
FN:562,(anonymous_44)
FNF:45
FNH:2
FNDA:7,(anonymous_0)
FNDA:0,(anonymous_1)
FNDA:7,(anonymous_2)
FNDA:0,(anonymous_3)
FNDA:0,(anonymous_4)
FNDA:0,(anonymous_5)
FNDA:0,(anonymous_6)
FNDA:0,(anonymous_7)
FNDA:0,(anonymous_8)
FNDA:0,(anonymous_9)
FNDA:0,(anonymous_10)
FNDA:0,(anonymous_11)
FNDA:0,(anonymous_12)
FNDA:0,(anonymous_13)
FNDA:0,(anonymous_14)
FNDA:0,(anonymous_15)
FNDA:0,(anonymous_16)
FNDA:0,(anonymous_17)
FNDA:0,(anonymous_18)
FNDA:0,(anonymous_19)
FNDA:0,(anonymous_20)
FNDA:0,(anonymous_21)
FNDA:0,(anonymous_22)
FNDA:0,(anonymous_23)
FNDA:0,(anonymous_24)
FNDA:0,(anonymous_25)
FNDA:0,(anonymous_26)
FNDA:0,(anonymous_27)
FNDA:0,(anonymous_28)
FNDA:0,(anonymous_29)
FNDA:0,(anonymous_30)
FNDA:0,(anonymous_31)
FNDA:0,(anonymous_32)
FNDA:0,(anonymous_33)
FNDA:0,(anonymous_34)
FNDA:0,(anonymous_35)
FNDA:0,(anonymous_36)
FNDA:0,(anonymous_37)
FNDA:0,(anonymous_38)
FNDA:0,(anonymous_39)
FNDA:0,(anonymous_40)
FNDA:0,(anonymous_41)
FNDA:0,(anonymous_42)
FNDA:0,(anonymous_43)
FNDA:0,(anonymous_44)
DA:47,1
DA:48,7
DA:49,7
DA:50,7
DA:96,7
DA:97,7
DA:99,7
DA:101,7
DA:102,0
DA:104,0
DA:105,0
DA:106,0
DA:109,0
DA:111,0
DA:147,0
DA:148,0
DA:150,0
DA:154,7
DA:155,7
DA:156,0
DA:160,7
DA:161,0
DA:167,7
DA:168,0
DA:171,7
DA:172,0
DA:178,7
DA:179,0
DA:181,0
DA:185,7
DA:186,0
DA:189,7
DA:190,0
DA:196,7
DA:197,0
DA:199,0
DA:203,7
DA:204,0
DA:207,7
DA:208,0
DA:214,7
DA:215,0
DA:217,0
DA:221,7
DA:222,0
DA:224,0
DA:225,0
DA:227,0
DA:229,0
DA:233,0
DA:237,0
DA:240,0
DA:242,0
DA:245,0
DA:246,0
DA:250,0
DA:255,7
DA:256,0
DA:259,0
DA:262,0
DA:282,0
DA:295,0
DA:304,0
DA:334,0
DA:337,0
DA:343,0
DA:344,0
DA:346,0
DA:348,0
DA:350,0
DA:353,0
DA:359,0
DA:360,0
DA:363,0
DA:364,0
DA:367,0
DA:368,0
DA:372,0
DA:373,0
DA:378,0
DA:379,0
DA:386,0
DA:387,0
DA:393,0
DA:397,7
DA:398,0
DA:400,0
DA:402,0
DA:407,0
DA:413,0
DA:416,0
DA:419,7
DA:420,0
DA:421,0
DA:422,0
DA:425,0
DA:426,0
DA:427,0
DA:428,0
DA:429,0
DA:431,0
DA:432,0
DA:433,0
DA:436,0
DA:444,0
DA:445,0
DA:446,0
DA:451,0
DA:452,0
DA:453,0
DA:457,0
DA:458,0
DA:459,0
DA:462,0
DA:464,0
DA:468,0
DA:476,0
DA:477,0
DA:486,0
DA:487,0
DA:493,0
DA:495,0
DA:502,0
DA:508,0
DA:509,0
DA:517,0
DA:518,0
DA:519,0
DA:522,0
DA:523,0
DA:524,0
DA:527,0
DA:528,0
DA:529,0
DA:533,0
DA:534,0
DA:537,0
DA:538,0
DA:542,0
DA:543,0
DA:544,0
DA:546,0
DA:547,0
DA:551,0
DA:552,0
DA:555,0
DA:556,0
DA:558,0
DA:560,0
DA:561,0
DA:562,0
DA:563,0
DA:564,0
DA:566,0
DA:567,0
DA:568,0
DA:570,0
DA:572,0
DA:573,0
DA:574,0
DA:575,0
DA:576,0
DA:577,0
DA:578,0
DA:579,0
DA:580,0
DA:581,0
DA:584,0
DA:585,0
DA:587,0
DA:591,7
LF:171
LH:25
BRDA:102,0,0,0
BRDA:102,0,1,0
BRDA:109,1,0,0
BRDA:109,1,1,0
BRDA:109,1,2,0
BRDA:109,1,3,0
BRDA:113,2,0,0
BRDA:113,2,1,0
BRDA:121,3,0,0
BRDA:121,3,1,0
BRDA:128,4,0,0
BRDA:128,4,1,0
BRDA:133,5,0,0
BRDA:133,5,1,0
BRDA:155,6,0,0
BRDA:155,6,1,7
BRDA:224,7,0,0
BRDA:224,7,1,0
BRDA:227,8,0,0
BRDA:227,8,1,0
BRDA:240,9,0,0
BRDA:240,9,1,0
BRDA:265,10,0,0
BRDA:265,10,1,0
BRDA:266,11,0,0
BRDA:266,11,1,0
BRDA:268,12,0,0
BRDA:268,12,1,0
BRDA:269,13,0,0
BRDA:269,13,1,0
BRDA:270,14,0,0
BRDA:270,14,1,0
BRDA:271,15,0,0
BRDA:271,15,1,0
BRDA:272,16,0,0
BRDA:272,16,1,0
BRDA:273,17,0,0
BRDA:273,17,1,0
BRDA:274,18,0,0
BRDA:274,18,1,0
BRDA:275,19,0,0
BRDA:275,19,1,0
BRDA:278,20,0,0
BRDA:278,20,1,0
BRDA:279,21,0,0
BRDA:279,21,1,0
BRDA:280,22,0,0
BRDA:280,22,1,0
BRDA:282,23,0,0
BRDA:282,23,1,0
BRDA:282,24,0,0
BRDA:282,24,1,0
BRDA:283,25,0,0
BRDA:283,25,1,0
BRDA:284,26,0,0
BRDA:284,26,1,0
BRDA:285,27,0,0
BRDA:285,27,1,0
BRDA:286,28,0,0
BRDA:286,28,1,0
BRDA:287,29,0,0
BRDA:287,29,1,0
BRDA:295,30,0,0
BRDA:295,30,1,0
BRDA:295,31,0,0
BRDA:295,31,1,0
BRDA:296,32,0,0
BRDA:296,32,1,0
BRDA:297,33,0,0
BRDA:297,33,1,0
BRDA:298,34,0,0
BRDA:298,34,1,0
BRDA:304,35,0,0
BRDA:304,35,1,0
BRDA:304,36,0,0
BRDA:304,36,1,0
BRDA:305,37,0,0
BRDA:305,37,1,0
BRDA:306,38,0,0
BRDA:306,38,1,0
BRDA:306,39,0,0
BRDA:306,39,1,0
BRDA:306,39,2,0
BRDA:307,40,0,0
BRDA:307,40,1,0
BRDA:308,41,0,0
BRDA:308,41,1,0
BRDA:309,42,0,0
BRDA:309,42,1,0
BRDA:310,43,0,0
BRDA:310,43,1,0
BRDA:311,44,0,0
BRDA:311,44,1,0
BRDA:312,45,0,0
BRDA:312,45,1,0
BRDA:313,46,0,0
BRDA:313,46,1,0
BRDA:314,47,0,0
BRDA:314,47,1,0
BRDA:343,48,0,0
BRDA:343,48,1,0
BRDA:343,49,0,0
BRDA:343,49,1,0
BRDA:360,50,0,0
BRDA:360,50,1,0
BRDA:360,50,2,0
BRDA:364,51,0,0
BRDA:364,51,1,0
BRDA:364,51,2,0
BRDA:367,52,0,0
BRDA:367,52,1,0
BRDA:372,53,0,0
BRDA:372,53,1,0
BRDA:400,54,0,0
BRDA:400,54,1,0
BRDA:400,55,0,0
BRDA:400,55,1,0
BRDA:404,56,0,0
BRDA:404,56,1,0
BRDA:426,57,0,0
BRDA:426,57,1,0
BRDA:426,58,0,0
BRDA:426,58,1,0
BRDA:427,59,0,0
BRDA:427,59,1,0
BRDA:431,60,0,0
BRDA:431,60,1,0
BRDA:431,61,0,0
BRDA:431,61,1,0
BRDA:431,61,2,0
BRDA:445,62,0,0
BRDA:445,62,1,0
BRDA:452,63,0,0
BRDA:452,63,1,0
BRDA:452,64,0,0
BRDA:452,64,1,0
BRDA:458,65,0,0
BRDA:458,65,1,0
BRDA:458,66,0,0
BRDA:458,66,1,0
BRDA:458,66,2,0
BRDA:470,67,0,0
BRDA:470,67,1,0
BRDA:476,68,0,0
BRDA:476,68,1,0
BRDA:478,69,0,0
BRDA:478,69,1,0
BRDA:480,70,0,0
BRDA:480,70,1,0
BRDA:481,71,0,0
BRDA:481,71,1,0
BRDA:482,72,0,0
BRDA:482,72,1,0
BRDA:489,73,0,0
BRDA:489,73,1,0
BRDA:490,74,0,0
BRDA:490,74,1,0
BRDA:493,75,0,0
BRDA:493,75,1,0
BRDA:497,76,0,0
BRDA:497,76,1,0
BRDA:498,77,0,0
BRDA:498,77,1,0
BRDA:499,78,0,0
BRDA:499,78,1,0
BRDA:500,79,0,0
BRDA:500,79,1,0
BRDA:508,80,0,0
BRDA:508,80,1,0
BRDA:508,81,0,0
BRDA:508,81,1,0
BRDA:517,82,0,0
BRDA:517,82,1,0
BRDA:522,83,0,0
BRDA:522,83,1,0
BRDA:527,84,0,0
BRDA:527,84,1,0
BRDA:533,85,0,0
BRDA:533,85,1,0
BRDA:537,86,0,0
BRDA:537,86,1,0
BRDA:542,87,0,0
BRDA:542,87,1,0
BRDA:551,88,0,0
BRDA:551,88,1,0
BRDA:560,89,0,0
BRDA:560,89,1,0
BRDA:561,90,0,0
BRDA:561,90,1,0
BRDA:563,91,0,0
BRDA:563,91,1,0
BRDA:567,92,0,0
BRDA:567,92,1,0
BRDA:572,93,0,0
BRDA:572,93,1,0
BRDA:574,94,0,0
BRDA:574,94,1,0
BRDA:576,95,0,0
BRDA:576,95,1,0
BRDA:577,96,0,0
BRDA:577,96,1,0
BRDA:577,96,2,0
BRDA:580,97,0,0
BRDA:580,97,1,0
BRF:204
BRH:1
end_of_record
TN:
SF:src/hooks/useErrorHandler.ts
FN:8,(anonymous_0)
FN:11,(anonymous_1)
FN:34,(anonymous_2)
FN:46,(anonymous_3)
FNF:4
FNH:0
FNDA:0,(anonymous_0)
FNDA:0,(anonymous_1)
FNDA:0,(anonymous_2)
FNDA:0,(anonymous_3)
DA:8,0
DA:9,0
DA:11,0
DA:12,0
DA:15,0
DA:16,0
DA:20,0
DA:22,0
DA:34,0
DA:38,0
DA:39,0
DA:41,0
DA:42,0
DA:46,0
DA:50,0
DA:51,0
DA:53,0
DA:54,0
DA:58,0
LF:19
LH:0
BRDA:8,0,0,0
BRDA:9,1,0,0
BRDA:12,2,0,0
BRDA:12,2,1,0
BRDA:15,3,0,0
BRDA:15,3,1,0
BRDA:20,4,0,0
BRDA:20,4,1,0
BRF:8
BRH:0
end_of_record
TN:
SF:src/hooks/useForm.js
FN:6,(anonymous_0)
FN:22,(anonymous_1)
FN:59,(anonymous_2)
FN:63,(anonymous_3)
FN:75,(anonymous_4)
FN:76,(anonymous_5)
FN:81,(anonymous_6)
FN:91,(anonymous_7)
FN:92,(anonymous_8)
FN:96,(anonymous_9)
FN:107,(anonymous_10)
FN:108,(anonymous_11)
FN:113,(anonymous_12)
FN:118,(anonymous_13)
FN:128,(anonymous_14)
FN:144,(anonymous_15)
FN:171,(anonymous_16)
FN:175,(anonymous_17)
FN:179,(anonymous_18)
FN:186,(anonymous_19)
FN:190,(anonymous_20)
FN:194,(anonymous_21)
FN:195,(anonymous_22)
FN:222,(anonymous_23)
FN:223,(anonymous_24)
FN:224,(anonymous_25)
FN:225,(anonymous_26)
FN:225,(anonymous_27)
FN:226,(anonymous_28)
FN:226,(anonymous_29)
FNF:30
FNH:0
FNDA:0,(anonymous_0)
FNDA:0,(anonymous_1)
FNDA:0,(anonymous_2)
FNDA:0,(anonymous_3)
FNDA:0,(anonymous_4)
FNDA:0,(anonymous_5)
FNDA:0,(anonymous_6)
FNDA:0,(anonymous_7)
FNDA:0,(anonymous_8)
FNDA:0,(anonymous_9)
FNDA:0,(anonymous_10)
FNDA:0,(anonymous_11)
FNDA:0,(anonymous_12)
FNDA:0,(anonymous_13)
FNDA:0,(anonymous_14)
FNDA:0,(anonymous_15)
FNDA:0,(anonymous_16)
FNDA:0,(anonymous_17)
FNDA:0,(anonymous_18)
FNDA:0,(anonymous_19)
FNDA:0,(anonymous_20)
FNDA:0,(anonymous_21)
FNDA:0,(anonymous_22)
FNDA:0,(anonymous_23)
FNDA:0,(anonymous_24)
FNDA:0,(anonymous_25)
FNDA:0,(anonymous_26)
FNDA:0,(anonymous_27)
FNDA:0,(anonymous_28)
FNDA:0,(anonymous_29)
DA:6,0
DA:13,0
DA:15,0
DA:16,0
DA:17,0
DA:18,0
DA:19,0
DA:22,0
DA:23,0
DA:25,0
DA:26,0
DA:27,0
DA:31,0
DA:32,0
DA:34,0
DA:35,0
DA:38,0
DA:39,0
DA:42,0
DA:43,0
DA:46,0
DA:47,0
DA:50,0
DA:51,0
DA:55,0
DA:59,0
DA:60,0
DA:62,0
DA:63,0
DA:64,0
DA:65,0
DA:66,0
DA:70,0
DA:71,0
DA:75,0
DA:76,0
DA:79,0
DA:80,0
DA:81,0
DA:85,0
DA:86,0
DA:91,0
DA:92,0
DA:94,0
DA:95,0
DA:96,0
DA:97,0
DA:98,0
DA:99,0
DA:102,0
DA:107,0
DA:108,0
DA:111,0
DA:112,0
DA:113,0
DA:118,0
DA:119,0
DA:120,0
DA:121,0
DA:122,0
DA:123,0
DA:124,0
DA:128,0
DA:129,0
DA:130,0
DA:133,0
DA:134,0
DA:137,0
DA:138,0
DA:140,0
DA:141,0
DA:143,0
DA:144,0
DA:145,0
DA:147,0
DA:148,0
DA:151,0
DA:153,0
DA:154,0
DA:157,0
DA:158,0
DA:161,0
DA:162,0
DA:164,0
DA:165,0
DA:166,0
DA:171,0
DA:172,0
DA:176,0
DA:177,0
DA:179,0
DA:186,0
DA:187,0
DA:190,0
DA:191,0
DA:194,0
DA:195,0
DA:198,0
DA:222,0
DA:223,0
DA:224,0
DA:225,0
DA:226,0
LF:103
LH:0
BRDA:6,0,0,0
BRDA:6,1,0,0
BRDA:10,2,0,0
BRDA:11,3,0,0
BRDA:12,4,0,0
BRDA:23,5,0,0
BRDA:23,5,1,0
BRDA:23,6,0,0
BRDA:23,6,1,0
BRDA:26,7,0,0
BRDA:26,7,1,0
BRDA:31,8,0,0
BRDA:31,8,1,0
BRDA:34,9,0,0
BRDA:34,9,1,0
BRDA:34,10,0,0
BRDA:34,10,1,0
BRDA:34,10,2,0
BRDA:35,11,0,0
BRDA:35,11,1,0
BRDA:38,12,0,0
BRDA:38,12,1,0
BRDA:38,13,0,0
BRDA:38,13,1,0
BRDA:38,13,2,0
BRDA:39,14,0,0
BRDA:39,14,1,0
BRDA:42,15,0,0
BRDA:42,15,1,0
BRDA:42,16,0,0
BRDA:42,16,1,0
BRDA:42,16,2,0
BRDA:43,17,0,0
BRDA:43,17,1,0
BRDA:46,18,0,0
BRDA:46,18,1,0
BRDA:46,19,0,0
BRDA:46,19,1,0
BRDA:46,19,2,0
BRDA:47,20,0,0
BRDA:47,20,1,0
BRDA:50,21,0,0
BRDA:50,21,1,0
BRDA:50,22,0,0
BRDA:50,22,1,0
BRDA:50,22,2,0
BRDA:60,23,0,0
BRDA:60,23,1,0
BRDA:65,24,0,0
BRDA:65,24,1,0
BRDA:79,25,0,0
BRDA:79,25,1,0
BRDA:85,26,0,0
BRDA:85,26,1,0
BRDA:94,27,0,0
BRDA:94,27,1,0
BRDA:94,28,0,0
BRDA:94,28,1,0
BRDA:97,29,0,0
BRDA:97,29,1,0
BRDA:107,30,0,0
BRDA:111,31,0,0
BRDA:111,31,1,0
BRDA:111,32,0,0
BRDA:111,32,1,0
BRDA:119,33,0,0
BRDA:119,33,1,0
BRDA:129,34,0,0
BRDA:129,34,1,0
BRDA:129,35,0,0
BRDA:129,35,1,0
BRDA:140,36,0,0
BRDA:140,36,1,0
BRDA:144,37,0,0
BRDA:144,37,1,0
BRDA:153,38,0,0
BRDA:153,38,1,0
BRDA:157,39,0,0
BRDA:157,39,1,0
BRDA:165,40,0,0
BRDA:165,40,1,0
BRDA:171,41,0,0
BRDA:174,42,0,0
BRDA:174,42,1,0
BRDA:176,43,0,0
BRDA:176,43,1,0
BRDA:180,44,0,0
BRDA:180,44,1,0
BRDA:222,45,0,0
BRDA:222,45,1,0
BRF:90
BRH:0
end_of_record
TN:
SF:src/hooks/useKeyboardNavigation.js
FN:8,(anonymous_0)
FN:11,(anonymous_1)
FN:24,(anonymous_2)
FN:37,(anonymous_3)
FN:38,(anonymous_4)
FN:40,(anonymous_5)
FN:66,(anonymous_6)
FN:70,(anonymous_7)
FN:110,(anonymous_8)
FN:111,(anonymous_9)
FN:119,(anonymous_10)
FN:123,(anonymous_11)
FN:133,(anonymous_12)
FN:139,(anonymous_13)
FNF:14
FNH:0
FNDA:0,(anonymous_0)
FNDA:0,(anonymous_1)
FNDA:0,(anonymous_2)
FNDA:0,(anonymous_3)
FNDA:0,(anonymous_4)
FNDA:0,(anonymous_5)
FNDA:0,(anonymous_6)
FNDA:0,(anonymous_7)
FNDA:0,(anonymous_8)
FNDA:0,(anonymous_9)
FNDA:0,(anonymous_10)
FNDA:0,(anonymous_11)
FNDA:0,(anonymous_12)
FNDA:0,(anonymous_13)
DA:8,0
DA:11,0
DA:12,0
DA:14,0
DA:18,0
DA:19,0
DA:24,0
DA:25,0
DA:27,0
DA:31,0
DA:32,0
DA:37,0
DA:38,0
DA:40,0
DA:41,0
DA:43,0
DA:47,0
DA:48,0
DA:50,0
DA:52,0
DA:53,0
DA:54,0
DA:58,0
DA:59,0
DA:60,0
DA:65,0
DA:66,0
DA:70,0
DA:71,0
DA:72,0
DA:75,0
DA:76,0
DA:78,0
DA:81,0
DA:82,0
DA:85,0
DA:86,0
DA:88,0
DA:89,0
DA:91,0
DA:92,0
DA:94,0
DA:97,0
DA:98,0
DA:102,0
DA:103,0
DA:106,0
DA:110,0
DA:111,0
DA:112,0
DA:113,0
DA:114,0
DA:118,0
DA:119,0
DA:123,0
DA:124,0
DA:125,0
DA:126,0
DA:127,0
DA:128,0
DA:130,0
DA:133,0
DA:134,0
DA:139,0
DA:141,0
DA:142,0
DA:143,0
DA:144,0
DA:145,0
DA:150,0
DA:151,0
DA:152,0
DA:153,0
DA:157,0
LF:74
LH:0
BRDA:12,0,0,0
BRDA:12,0,1,0
BRDA:18,1,0,0
BRDA:18,1,1,0
BRDA:25,2,0,0
BRDA:25,2,1,0
BRDA:31,3,0,0
BRDA:31,3,1,0
BRDA:38,4,0,0
BRDA:38,4,1,0
BRDA:41,5,0,0
BRDA:41,5,1,0
BRDA:50,6,0,0
BRDA:50,6,1,0
BRDA:52,7,0,0
BRDA:52,7,1,0
BRDA:58,8,0,0
BRDA:58,8,1,0
BRDA:71,9,0,0
BRDA:71,9,1,0
BRDA:78,10,0,0
BRDA:78,10,1,0
BRDA:78,10,2,0
BRDA:78,10,3,0
BRDA:78,10,4,0
BRDA:78,10,5,0
BRDA:78,10,6,0
BRDA:81,11,0,0
BRDA:81,11,1,0
BRDA:85,12,0,0
BRDA:85,12,1,0
BRDA:97,13,0,0
BRDA:97,13,1,0
BRDA:102,14,0,0
BRDA:102,14,1,0
BRDA:102,15,0,0
BRDA:102,15,1,0
BRDA:112,16,0,0
BRDA:112,16,1,0
BRDA:123,17,0,0
BRDA:139,18,0,0
BRDA:141,19,0,0
BRDA:141,19,1,0
BRDA:143,20,0,0
BRDA:143,20,1,0
BRDA:151,21,0,0
BRDA:151,21,1,0
BRF:47
BRH:0
end_of_record
TN:
SF:src/hooks/usePhone.js
FN:8,(anonymous_0)
FN:16,(anonymous_1)
FN:24,(anonymous_2)
FN:56,(anonymous_3)
FN:75,(anonymous_4)
FN:81,(anonymous_5)
FN:87,(anonymous_6)
FN:94,(anonymous_7)
FN:118,(anonymous_8)
FNF:9
FNH:0
FNDA:0,(anonymous_0)
FNDA:0,(anonymous_1)
FNDA:0,(anonymous_2)
FNDA:0,(anonymous_3)
FNDA:0,(anonymous_4)
FNDA:0,(anonymous_5)
FNDA:0,(anonymous_6)
FNDA:0,(anonymous_7)
FNDA:0,(anonymous_8)
DA:8,0
DA:14,0
DA:16,0
DA:17,0
DA:20,0
DA:21,0
DA:22,0
DA:24,0
DA:25,0
DA:27,0
DA:28,0
DA:29,0
DA:30,0
DA:33,0
DA:34,0
DA:36,0
DA:37,0
DA:38,0
DA:39,0
DA:41,0
DA:42,0
DA:43,0
DA:45,0
DA:48,0
DA:51,0
DA:52,0
DA:53,0
DA:56,0
DA:57,0
DA:58,0
DA:59,0
DA:61,0
DA:62,0
DA:64,0
DA:67,0
DA:75,0
DA:76,0
DA:77,0
DA:81,0
DA:82,0
DA:83,0
DA:84,0
DA:87,0
DA:88,0
DA:89,0
DA:90,0
DA:91,0
DA:94,0
DA:95,0
DA:96,0
DA:97,0
DA:98,0
DA:99,0
DA:101,0
DA:104,0
DA:118,0
LF:56
LH:0
BRDA:8,0,0,0
BRDA:8,1,0,0
BRDA:10,2,0,0
BRDA:12,3,0,0
BRDA:13,4,0,0
BRDA:17,5,0,0
BRDA:17,5,1,0
BRDA:27,6,0,0
BRDA:27,6,1,0
BRDA:27,7,0,0
BRDA:27,7,1,0
BRDA:33,8,0,0
BRDA:33,8,1,0
BRDA:33,9,0,0
BRDA:33,9,1,0
BRDA:36,10,0,0
BRDA:36,10,1,0
BRDA:38,11,0,0
BRDA:38,11,1,0
BRDA:42,12,0,0
BRDA:42,12,1,0
BRDA:76,13,0,0
BRDA:76,13,1,0
BRDA:96,14,0,0
BRDA:96,14,1,0
BRDA:98,15,0,0
BRDA:98,15,1,0
BRDA:121,16,0,0
BRDA:121,16,1,0
BRDA:123,17,0,0
BRDA:123,17,1,0
BRDA:123,18,0,0
BRDA:123,18,1,0
BRDA:123,18,2,0
BRF:34
BRH:0
end_of_record
TN:
SF:src/pages/ConsultasPage.jsx
FN:7,(anonymous_0)
FN:70,(anonymous_1)
FN:76,(anonymous_2)
FN:106,(anonymous_3)
FN:108,(anonymous_4)
FN:112,(anonymous_5)
FN:113,(anonymous_6)
FN:114,(anonymous_7)
FN:140,(anonymous_8)
FN:146,(anonymous_9)
FN:228,(anonymous_10)
FN:229,(anonymous_11)
FNF:12
FNH:0
FNDA:0,(anonymous_0)
FNDA:0,(anonymous_1)
FNDA:0,(anonymous_2)
FNDA:0,(anonymous_3)
FNDA:0,(anonymous_4)
FNDA:0,(anonymous_5)
FNDA:0,(anonymous_6)
FNDA:0,(anonymous_7)
FNDA:0,(anonymous_8)
FNDA:0,(anonymous_9)
FNDA:0,(anonymous_10)
FNDA:0,(anonymous_11)
DA:7,0
DA:8,0
DA:9,0
DA:12,0
DA:70,0
DA:71,0
DA:72,0
DA:73,0
DA:76,0
DA:77,0
DA:103,0
DA:106,0
DA:107,0
DA:108,0
DA:110,0
DA:112,0
DA:113,0
DA:114,0
DA:118,0
DA:120,0
DA:140,0
DA:146,0
DA:228,0
DA:230,0
DA:231,0
DA:233,0
LF:26
LH:0
BRDA:72,0,0,0
BRDA:72,0,1,0
BRDA:73,1,0,0
BRDA:73,1,1,0
BRDA:217,2,0,0
BRDA:217,2,1,0
BRDA:222,3,0,0
BRDA:222,3,1,0
BRDA:264,4,0,0
BRDA:264,4,1,0
BRDA:276,5,0,0
BRDA:276,5,1,0
BRDA:286,6,0,0
BRDA:286,6,1,0
BRF:14
BRH:0
end_of_record
TN:
SF:src/pages/DashboardPage.jsx
FN:3,(anonymous_0)
FNF:1
FNH:0
FNDA:0,(anonymous_0)
DA:3,0
DA:4,0
LF:2
LH:0
BRF:0
BRH:0
end_of_record
TN:
SF:src/pages/EmpresasPage.jsx
FN:14,(anonymous_0)
FN:22,(anonymous_1)
FN:25,(anonymous_2)
FN:40,(anonymous_3)
FN:47,(anonymous_4)
FN:73,(anonymous_5)
FN:86,(anonymous_6)
FN:87,(anonymous_7)
FN:90,(anonymous_8)
FN:109,(anonymous_9)
FN:114,(anonymous_10)
FN:122,(anonymous_11)
FN:127,(anonymous_12)
FN:132,(anonymous_13)
FN:139,(anonymous_14)
FN:143,(anonymous_15)
FN:152,(anonymous_16)
FN:157,(anonymous_17)
FN:237,(anonymous_18)
FN:244,(anonymous_19)
FN:286,(anonymous_20)
FN:300,(anonymous_21)
FN:314,(anonymous_22)
FN:338,(anonymous_23)
FN:382,(anonymous_24)
FN:391,(anonymous_25)
FN:400,(anonymous_26)
FN:420,(anonymous_27)
FN:448,(anonymous_28)
FN:457,(anonymous_29)
FNF:30
FNH:0
FNDA:0,(anonymous_0)
FNDA:0,(anonymous_1)
FNDA:0,(anonymous_2)
FNDA:0,(anonymous_3)
FNDA:0,(anonymous_4)
FNDA:0,(anonymous_5)
FNDA:0,(anonymous_6)
FNDA:0,(anonymous_7)
FNDA:0,(anonymous_8)
FNDA:0,(anonymous_9)
FNDA:0,(anonymous_10)
FNDA:0,(anonymous_11)
FNDA:0,(anonymous_12)
FNDA:0,(anonymous_13)
FNDA:0,(anonymous_14)
FNDA:0,(anonymous_15)
FNDA:0,(anonymous_16)
FNDA:0,(anonymous_17)
FNDA:0,(anonymous_18)
FNDA:0,(anonymous_19)
FNDA:0,(anonymous_20)
FNDA:0,(anonymous_21)
FNDA:0,(anonymous_22)
FNDA:0,(anonymous_23)
FNDA:0,(anonymous_24)
FNDA:0,(anonymous_25)
FNDA:0,(anonymous_26)
FNDA:0,(anonymous_27)
FNDA:0,(anonymous_28)
FNDA:0,(anonymous_29)
DA:14,0
DA:15,0
DA:22,0
DA:24,0
DA:25,0
DA:26,0
DA:29,0
DA:30,0
DA:31,0
DA:32,0
DA:33,0
DA:34,0
DA:35,0
DA:36,0
DA:37,0
DA:38,0
DA:40,0
DA:41,0
DA:42,0
DA:43,0
DA:47,0
DA:48,0
DA:49,0
DA:50,0
DA:52,0
DA:59,0
DA:60,0
DA:61,0
DA:63,0
DA:65,0
DA:66,0
DA:67,0
DA:69,0
DA:73,0
DA:74,0
DA:75,0
DA:79,0
DA:80,0
DA:82,0
DA:86,0
DA:87,0
DA:88,0
DA:90,0
DA:91,0
DA:92,0
DA:93,0
DA:94,0
DA:95,0
DA:97,0
DA:98,0
DA:102,0
DA:109,0
DA:111,0
DA:112,0
DA:114,0
DA:115,0
DA:116,0
DA:117,0
DA:122,0
DA:123,0
DA:124,0
DA:127,0
DA:128,0
DA:129,0
DA:132,0
DA:133,0
DA:134,0
DA:135,0
DA:136,0
DA:139,0
DA:140,0
DA:141,0
DA:143,0
DA:144,0
DA:145,0
DA:146,0
DA:147,0
DA:152,0
DA:153,0
DA:154,0
DA:157,0
DA:158,0
DA:159,0
DA:160,0
DA:161,0
DA:165,0
DA:168,0
DA:170,0
DA:172,0
DA:181,0
DA:182,0
DA:193,0
DA:194,0
DA:204,0
DA:205,0
DA:215,0
DA:237,0
DA:244,0
DA:286,0
DA:300,0
DA:314,0
DA:339,0
DA:382,0
DA:391,0
DA:400,0
DA:421,0
DA:448,0
DA:457,0
LF:108
LH:0
BRDA:24,0,0,0
BRDA:24,0,1,0
BRDA:41,1,0,0
BRDA:41,1,1,0
BRDA:55,2,0,0
BRDA:55,2,1,0
BRDA:56,3,0,0
BRDA:56,3,1,0
BRDA:61,4,0,0
BRDA:61,4,1,0
BRDA:63,5,0,0
BRDA:63,5,1,0
BRDA:66,6,0,0
BRDA:66,6,1,0
BRDA:76,7,0,0
BRDA:76,7,1,0
BRDA:77,8,0,0
BRDA:77,8,1,0
BRDA:88,9,0,0
BRDA:88,9,1,0
BRDA:115,10,0,0
BRDA:115,10,1,0
BRDA:144,11,0,0
BRDA:144,11,1,0
BRDA:144,12,0,0
BRDA:144,12,1,0
BRDA:168,13,0,0
BRDA:168,13,1,0
BRDA:168,14,0,0
BRDA:168,14,1,0
BRDA:170,15,0,0
BRDA:170,15,1,0
BRDA:181,16,0,0
BRDA:181,16,1,0
BRDA:193,17,0,0
BRDA:193,17,1,0
BRDA:193,18,0,0
BRDA:193,18,1,0
BRDA:204,19,0,0
BRDA:204,19,1,0
BRDA:204,20,0,0
BRDA:204,20,1,0
BRDA:343,21,0,0
BRDA:343,21,1,0
BRDA:343,21,2,0
BRDA:355,22,0,0
BRDA:355,22,1,0
BRDA:359,23,0,0
BRDA:359,23,1,0
BRDA:363,24,0,0
BRDA:363,24,1,0
BRDA:415,25,0,0
BRDA:415,25,1,0
BRDA:422,26,0,0
BRDA:422,26,1,0
BRDA:436,27,0,0
BRDA:436,27,1,0
BRF:57
BRH:0
end_of_record
TN:
SF:src/pages/InputsDemo.jsx
FN:4,(anonymous_0)
FN:66,(anonymous_1)
FN:67,(anonymous_2)
FN:71,(anonymous_3)
FN:72,(anonymous_4)
FN:76,(anonymous_5)
FN:81,(anonymous_6)
FN:98,(anonymous_7)
FN:99,(anonymous_8)
FN:104,(anonymous_9)
FN:113,(anonymous_10)
FN:265,(anonymous_11)
FN:266,(anonymous_12)
FN:289,(anonymous_13)
FN:289,(anonymous_14)
FN:303,(anonymous_15)
FN:303,(anonymous_16)
FN:314,(anonymous_17)
FN:314,(anonymous_18)
FNF:19
FNH:0
FNDA:0,(anonymous_0)
FNDA:0,(anonymous_1)
FNDA:0,(anonymous_2)
FNDA:0,(anonymous_3)
FNDA:0,(anonymous_4)
FNDA:0,(anonymous_5)
FNDA:0,(anonymous_6)
FNDA:0,(anonymous_7)
FNDA:0,(anonymous_8)
FNDA:0,(anonymous_9)
FNDA:0,(anonymous_10)
FNDA:0,(anonymous_11)
FNDA:0,(anonymous_12)
FNDA:0,(anonymous_13)
FNDA:0,(anonymous_14)
FNDA:0,(anonymous_15)
FNDA:0,(anonymous_16)
FNDA:0,(anonymous_17)
FNDA:0,(anonymous_18)
DA:4,0
DA:5,0
DA:11,0
DA:12,0
DA:31,0
DA:66,0
DA:67,0
DA:68,0
DA:71,0
DA:72,0
DA:73,0
DA:76,0
DA:77,0
DA:78,0
DA:81,0
DA:98,0
DA:99,0
DA:100,0
DA:104,0
DA:105,0
DA:110,0
DA:113,0
DA:114,0
DA:119,0
DA:120,0
DA:123,0
DA:266,0
DA:273,0
DA:289,0
DA:303,0
DA:314,0
LF:31
LH:0
BRDA:85,0,0,0
BRDA:85,0,1,0
BRDA:86,1,0,0
BRDA:86,1,1,0
BRDA:87,2,0,0
BRDA:87,2,1,0
BRDA:88,3,0,0
BRDA:88,3,1,0
BRDA:89,4,0,0
BRDA:89,4,1,0
BRDA:90,5,0,0
BRDA:90,5,1,0
BRDA:91,6,0,0
BRDA:91,6,1,0
BRDA:92,7,0,0
BRDA:92,7,1,0
BRDA:93,8,0,0
BRDA:93,8,1,0
BRDA:178,9,0,0
BRDA:178,9,1,0
BRDA:187,10,0,0
BRDA:187,10,1,0
BRDA:187,10,2,0
BRDA:187,10,3,0
BRDA:187,10,4,0
BRDA:193,11,0,0
BRDA:193,11,1,0
BRDA:196,12,0,0
BRDA:196,12,1,0
BRDA:199,13,0,0
BRDA:199,13,1,0
BRDA:202,14,0,0
BRDA:202,14,1,0
BRDA:210,15,0,0
BRDA:210,15,1,0
BRDA:215,16,0,0
BRDA:215,16,1,0
BRDA:216,17,0,0
BRDA:216,17,1,0
BRDA:326,18,0,0
BRDA:326,18,1,0
BRDA:330,19,0,0
BRDA:330,19,1,0
BRDA:334,20,0,0
BRDA:334,20,1,0
BRDA:338,21,0,0
BRDA:338,21,1,0
BRDA:342,22,0,0
BRDA:342,22,1,0
BRDA:342,22,2,0
BRDA:346,23,0,0
BRDA:346,23,1,0
BRDA:349,24,0,0
BRDA:349,24,1,0
BRDA:352,25,0,0
BRDA:352,25,1,0
BRDA:355,26,0,0
BRDA:355,26,1,0
BRF:58
BRH:0
end_of_record
TN:
SF:src/pages/LayoutDemo.jsx
FN:7,(anonymous_0)
FN:15,(anonymous_1)
FN:17,(anonymous_2)
FN:23,(anonymous_3)
FN:44,(anonymous_4)
FN:137,(anonymous_5)
FNF:6
FNH:0
FNDA:0,(anonymous_0)
FNDA:0,(anonymous_1)
FNDA:0,(anonymous_2)
FNDA:0,(anonymous_3)
FNDA:0,(anonymous_4)
FNDA:0,(anonymous_5)
DA:7,0
DA:8,0
DA:15,0
DA:16,0
DA:17,0
DA:23,0
DA:24,0
DA:25,0
DA:28,0
DA:35,0
DA:45,0
DA:137,0
LF:12
LH:0
BRF:0
BRH:0
end_of_record
TN:
SF:src/pages/LoginPage.jsx
FN:7,(anonymous_0)
FN:15,(anonymous_1)
FN:30,(anonymous_2)
FN:62,(anonymous_3)
FN:142,(anonymous_4)
FN:144,(anonymous_5)
FNF:6
FNH:0
FNDA:0,(anonymous_0)
FNDA:0,(anonymous_1)
FNDA:0,(anonymous_2)
FNDA:0,(anonymous_3)
FNDA:0,(anonymous_4)
FNDA:0,(anonymous_5)
DA:7,0
DA:8,0
DA:9,0
DA:13,0
DA:15,0
DA:17,0
DA:18,0
DA:20,0
DA:21,0
DA:22,0
DA:23,0
DA:25,0
DA:30,0
DA:31,0
DA:32,0
DA:34,0
DA:36,0
DA:38,0
DA:39,0
DA:41,0
DA:44,0
DA:45,0
DA:46,0
DA:47,0
DA:49,0
DA:52,0
DA:55,0
DA:56,0
DA:58,0
DA:62,0
DA:63,0
DA:69,0
DA:143,0
DA:144,0
DA:145,0
DA:146,0
DA:147,0
DA:148,0
LF:38
LH:0
BRDA:18,0,0,0
BRDA:18,0,1,0
BRDA:21,1,0,0
BRDA:21,1,1,0
BRDA:36,2,0,0
BRDA:36,2,1,0
BRDA:36,3,0,0
BRDA:36,3,1,0
BRDA:45,4,0,0
BRDA:45,4,1,0
BRDA:56,5,0,0
BRDA:56,5,1,0
BRDA:127,6,0,0
BRDA:127,6,1,0
BRF:14
BRH:0
end_of_record
TN:
SF:src/pages/NotificationDemo.jsx
FN:7,(anonymous_0)
FN:10,(anonymous_1)
FN:14,(anonymous_2)
FN:18,(anonymous_3)
FN:22,(anonymous_4)
FN:26,(anonymous_5)
FN:30,(anonymous_6)
FN:33,(anonymous_7)
FN:39,(anonymous_8)
FN:43,(anonymous_9)
FN:46,(anonymous_10)
FN:52,(anonymous_11)
FN:56,(anonymous_12)
FN:59,(anonymous_13)
FN:63,(anonymous_14)
FN:68,(anonymous_15)
FN:74,(anonymous_16)
FN:78,(anonymous_17)
FN:218,(anonymous_18)
FN:228,(anonymous_19)
FN:237,(anonymous_20)
FN:247,(anonymous_21)
FN:257,(anonymous_22)
FN:261,(anonymous_23)
FN:262,(anonymous_24)
FN:271,(anonymous_25)
FN:275,(anonymous_26)
FN:276,(anonymous_27)
FNF:28
FNH:0
FNDA:0,(anonymous_0)
FNDA:0,(anonymous_1)
FNDA:0,(anonymous_2)
FNDA:0,(anonymous_3)
FNDA:0,(anonymous_4)
FNDA:0,(anonymous_5)
FNDA:0,(anonymous_6)
FNDA:0,(anonymous_7)
FNDA:0,(anonymous_8)
FNDA:0,(anonymous_9)
FNDA:0,(anonymous_10)
FNDA:0,(anonymous_11)
FNDA:0,(anonymous_12)
FNDA:0,(anonymous_13)
FNDA:0,(anonymous_14)
FNDA:0,(anonymous_15)
FNDA:0,(anonymous_16)
FNDA:0,(anonymous_17)
FNDA:0,(anonymous_18)
FNDA:0,(anonymous_19)
FNDA:0,(anonymous_20)
FNDA:0,(anonymous_21)
FNDA:0,(anonymous_22)
FNDA:0,(anonymous_23)
FNDA:0,(anonymous_24)
FNDA:0,(anonymous_25)
FNDA:0,(anonymous_26)
FNDA:0,(anonymous_27)
DA:7,0
DA:8,0
DA:10,0
DA:11,0
DA:14,0
DA:15,0
DA:18,0
DA:19,0
DA:22,0
DA:23,0
DA:26,0
DA:27,0
DA:31,0
DA:34,0
DA:39,0
DA:40,0
DA:44,0
DA:47,0
DA:52,0
DA:53,0
DA:56,0
DA:57,0
DA:59,0
DA:60,0
DA:63,0
DA:64,0
DA:68,0
DA:69,0
DA:70,0
DA:71,0
DA:74,0
DA:75,0
DA:78,0
DA:79,0
DA:87,0
DA:88,0
DA:91,0
DA:219,0
DA:229,0
DA:238,0
DA:248,0
DA:258,0
DA:261,0
DA:262,0
DA:272,0
DA:275,0
DA:276,0
LF:47
LH:0
BRF:0
BRH:0
end_of_record
TN:
SF:src/pages/PacientesPage.jsx
FN:7,(anonymous_0)
FN:45,(anonymous_1)
FN:51,(anonymous_2)
FN:78,(anonymous_3)
FN:85,(anonymous_4)
FN:124,(anonymous_5)
FN:138,(anonymous_6)
FN:160,(anonymous_7)
FNF:8
FNH:0
FNDA:0,(anonymous_0)
FNDA:0,(anonymous_1)
FNDA:0,(anonymous_2)
FNDA:0,(anonymous_3)
FNDA:0,(anonymous_4)
FNDA:0,(anonymous_5)
FNDA:0,(anonymous_6)
FNDA:0,(anonymous_7)
DA:7,0
DA:8,0
DA:9,0
DA:12,0
DA:45,0
DA:46,0
DA:47,0
DA:48,0
DA:51,0
DA:52,0
DA:53,0
DA:58,0
DA:78,0
DA:85,0
DA:124,0
DA:138,0
DA:161,0
LF:17
LH:0
BRDA:47,0,0,0
BRDA:47,0,1,0
BRDA:48,1,0,0
BRDA:48,1,1,0
BRDA:53,2,0,0
BRDA:53,2,1,0
BRDA:172,3,0,0
BRDA:172,3,1,0
BRF:8
BRH:0
end_of_record
TN:
SF:src/pages/ProfissionaisPage.jsx
FN:7,(anonymous_0)
FN:63,(anonymous_1)
FN:65,(anonymous_2)
FN:71,(anonymous_3)
FN:78,(anonymous_4)
FN:81,(anonymous_5)
FN:116,(anonymous_6)
FN:123,(anonymous_7)
FN:126,(anonymous_8)
FN:158,(anonymous_9)
FN:184,(anonymous_10)
FN:193,(anonymous_11)
FNF:12
FNH:0
FNDA:0,(anonymous_0)
FNDA:0,(anonymous_1)
FNDA:0,(anonymous_2)
FNDA:0,(anonymous_3)
FNDA:0,(anonymous_4)
FNDA:0,(anonymous_5)
FNDA:0,(anonymous_6)
FNDA:0,(anonymous_7)
FNDA:0,(anonymous_8)
FNDA:0,(anonymous_9)
FNDA:0,(anonymous_10)
FNDA:0,(anonymous_11)
DA:7,0
DA:8,0
DA:9,0
DA:12,0
DA:63,0
DA:65,0
DA:66,0
DA:67,0
DA:68,0
DA:71,0
DA:72,0
DA:73,0
DA:78,0
DA:79,0
DA:82,0
DA:96,0
DA:116,0
DA:123,0
DA:127,0
DA:158,0
DA:184,0
DA:194,0
LF:22
LH:0
BRDA:67,0,0,0
BRDA:67,0,1,0
BRDA:68,1,0,0
BRDA:68,1,1,0
BRDA:73,2,0,0
BRDA:73,2,1,0
BRDA:85,3,0,0
BRDA:85,3,1,0
BRDA:128,4,0,0
BRDA:128,4,1,0
BRDA:204,5,0,0
BRDA:204,5,1,0
BRDA:204,5,2,0
BRDA:204,5,3,0
BRDA:208,6,0,0
BRDA:208,6,1,0
BRF:16
BRH:0
end_of_record
TN:
SF:src/services/addressEnrichmentService.js
FN:24,getIbgeStateCode
FN:34,(anonymous_1)
FN:43,(anonymous_2)
FN:97,(anonymous_3)
FN:191,(anonymous_4)
FN:271,(anonymous_5)
FN:299,(anonymous_6)
FN:307,(anonymous_7)
FN:325,(anonymous_8)
FNF:9
FNH:0
FNDA:0,getIbgeStateCode
FNDA:0,(anonymous_1)
FNDA:0,(anonymous_2)
FNDA:0,(anonymous_3)
FNDA:0,(anonymous_4)
FNDA:0,(anonymous_5)
FNDA:0,(anonymous_6)
FNDA:0,(anonymous_7)
FNDA:0,(anonymous_8)
DA:11,0
DA:25,0
DA:26,0
DA:27,0
DA:35,0
DA:44,0
DA:45,0
DA:46,0
DA:50,0
DA:51,0
DA:52,0
DA:53,0
DA:56,0
DA:57,0
DA:59,0
DA:63,0
DA:64,0
DA:67,0
DA:69,0
DA:70,0
DA:71,0
DA:75,0
DA:76,0
DA:77,0
DA:81,0
DA:83,0
DA:84,0
DA:87,0
DA:88,0
DA:98,0
DA:99,0
DA:100,0
DA:103,0
DA:104,0
DA:105,0
DA:106,0
DA:109,0
DA:110,0
DA:112,0
DA:113,0
DA:114,0
DA:118,0
DA:119,0
DA:123,0
DA:157,0
DA:178,0
DA:181,0
DA:182,0
DA:192,0
DA:193,0
DA:196,0
DA:198,0
DA:199,0
DA:202,0
DA:215,0
DA:217,0
DA:218,0
DA:220,0
DA:222,0
DA:224,0
DA:225,0
DA:226,0
DA:227,0
DA:228,0
DA:231,0
DA:232,0
DA:236,0
DA:237,0
DA:238,0
DA:242,0
DA:252,0
DA:258,0
DA:261,0
DA:262,0
DA:272,0
DA:273,0
DA:276,0
DA:278,0
DA:280,0
DA:283,0
DA:285,0
DA:286,0
DA:289,0
DA:290,0
DA:300,0
DA:301,0
DA:304,0
DA:306,0
DA:308,0
DA:309,0
DA:310,0
DA:312,0
DA:313,0
DA:318,0
DA:319,0
DA:326,0
DA:327,0
DA:332,0
LF:98
LH:0
BRDA:25,0,0,0
BRDA:25,0,1,0
BRDA:25,1,0,0
BRDA:25,1,1,0
BRDA:27,2,0,0
BRDA:27,2,1,0
BRDA:44,3,0,0
BRDA:44,3,1,0
BRDA:44,4,0,0
BRDA:44,4,1,0
BRDA:51,5,0,0
BRDA:51,5,1,0
BRDA:63,6,0,0
BRDA:63,6,1,0
BRDA:69,7,0,0
BRDA:69,7,1,0
BRDA:75,8,0,0
BRDA:75,8,1,0
BRDA:75,9,0,0
BRDA:75,9,1,0
BRDA:75,9,2,0
BRDA:98,10,0,0
BRDA:98,10,1,0
BRDA:98,11,0,0
BRDA:98,11,1,0
BRDA:104,12,0,0
BRDA:104,12,1,0
BRDA:112,13,0,0
BRDA:112,13,1,0
BRDA:126,14,0,0
BRDA:126,14,1,0
BRDA:126,15,0,0
BRDA:126,15,1,0
BRDA:126,16,0,0
BRDA:126,16,1,0
BRDA:127,17,0,0
BRDA:127,17,1,0
BRDA:128,18,0,0
BRDA:128,18,1,0
BRDA:128,19,0,0
BRDA:128,19,1,0
BRDA:128,20,0,0
BRDA:128,20,1,0
BRDA:129,21,0,0
BRDA:129,21,1,0
BRDA:129,22,0,0
BRDA:129,22,1,0
BRDA:129,23,0,0
BRDA:129,23,1,0
BRDA:130,24,0,0
BRDA:130,24,1,0
BRDA:130,25,0,0
BRDA:130,25,1,0
BRDA:130,26,0,0
BRDA:130,26,1,0
BRDA:131,27,0,0
BRDA:131,27,1,0
BRDA:131,28,0,0
BRDA:131,28,1,0
BRDA:131,29,0,0
BRDA:131,29,1,0
BRDA:134,30,0,0
BRDA:134,30,1,0
BRDA:135,31,0,0
BRDA:135,31,1,0
BRDA:136,32,0,0
BRDA:136,32,1,0
BRDA:137,33,0,0
BRDA:137,33,1,0
BRDA:140,34,0,0
BRDA:140,34,1,0
BRDA:144,35,0,0
BRDA:144,35,1,0
BRDA:145,36,0,0
BRDA:145,36,1,0
BRDA:146,37,0,0
BRDA:146,37,1,0
BRDA:192,38,0,0
BRDA:192,38,1,0
BRDA:220,39,0,0
BRDA:220,39,1,0
BRDA:226,40,0,0
BRDA:226,40,1,0
BRDA:236,41,0,0
BRDA:236,41,1,0
BRDA:272,42,0,0
BRDA:272,42,1,0
BRDA:300,43,0,0
BRDA:300,43,1,0
BRDA:300,44,0,0
BRDA:300,44,1,0
BRF:91
BRH:0
end_of_record
TN:
SF:src/services/api.js
FN:16,(anonymous_0)
FN:23,(anonymous_1)
FN:30,(anonymous_2)
FN:33,(anonymous_3)
FN:67,(anonymous_4)
FN:78,(anonymous_5)
FN:83,(anonymous_6)
FN:88,(anonymous_7)
FN:95,(anonymous_8)
FN:100,(anonymous_9)
FN:108,(anonymous_10)
FN:114,(anonymous_11)
FN:120,(anonymous_12)
FN:126,(anonymous_13)
FN:132,(anonymous_14)
FN:138,(anonymous_15)
FN:144,(anonymous_16)
FN:150,(anonymous_17)
FNF:18
FNH:0
FNDA:0,(anonymous_0)
FNDA:0,(anonymous_1)
FNDA:0,(anonymous_2)
FNDA:0,(anonymous_3)
FNDA:0,(anonymous_4)
FNDA:0,(anonymous_5)
FNDA:0,(anonymous_6)
FNDA:0,(anonymous_7)
FNDA:0,(anonymous_8)
FNDA:0,(anonymous_9)
FNDA:0,(anonymous_10)
FNDA:0,(anonymous_11)
FNDA:0,(anonymous_12)
FNDA:0,(anonymous_13)
FNDA:0,(anonymous_14)
FNDA:0,(anonymous_15)
FNDA:0,(anonymous_16)
FNDA:0,(anonymous_17)
DA:4,0
DA:6,0
DA:15,0
DA:17,0
DA:18,0
DA:19,0
DA:21,0
DA:24,0
DA:29,0
DA:31,0
DA:35,0
DA:46,0
DA:48,0
DA:51,0
DA:53,0
DA:54,0
DA:57,0
DA:61,0
DA:66,0
DA:68,0
DA:69,0
DA:70,0
DA:72,0
DA:75,0
DA:79,0
DA:80,0
DA:84,0
DA:85,0
DA:89,0
DA:90,0
DA:94,0
DA:96,0
DA:97,0
DA:101,0
DA:102,0
DA:106,0
DA:109,0
DA:110,0
DA:115,0
DA:116,0
DA:121,0
DA:122,0
DA:127,0
DA:128,0
DA:133,0
DA:134,0
DA:139,0
DA:140,0
DA:145,0
DA:146,0
DA:151,0
DA:152,0
LF:52
LH:0
BRDA:4,0,0,0
BRDA:4,0,1,0
BRDA:18,1,0,0
BRDA:18,1,1,0
BRDA:46,2,0,0
BRDA:46,2,1,0
BRDA:51,3,0,0
BRDA:51,3,1,0
BRDA:108,4,0,0
BRDA:114,5,0,0
BRF:10
BRH:0
end_of_record
TN:
SF:src/services/api.ts
FN:31,(anonymous_0)
FN:38,(anonymous_1)
FN:48,(anonymous_2)
FN:51,(anonymous_3)
FN:77,(anonymous_4)
FN:88,(anonymous_5)
FN:100,(anonymous_6)
FN:112,(anonymous_7)
FN:123,(anonymous_8)
FN:139,(anonymous_9)
FN:151,(anonymous_10)
FN:165,(anonymous_11)
FN:198,(anonymous_12)
FNF:13
FNH:0
FNDA:0,(anonymous_0)
FNDA:0,(anonymous_1)
FNDA:0,(anonymous_2)
FNDA:0,(anonymous_3)
FNDA:0,(anonymous_4)
FNDA:0,(anonymous_5)
FNDA:0,(anonymous_6)
FNDA:0,(anonymous_7)
FNDA:0,(anonymous_8)
FNDA:0,(anonymous_9)
FNDA:0,(anonymous_10)
FNDA:0,(anonymous_11)
FNDA:0,(anonymous_12)
DA:13,0
DA:18,0
DA:30,0
DA:32,0
DA:33,0
DA:34,0
DA:36,0
DA:39,0
DA:47,0
DA:49,0
DA:53,0
DA:54,0
DA:55,0
DA:56,0
DA:60,0
DA:66,0
DA:77,0
DA:81,0
DA:82,0
DA:88,0
DA:93,0
DA:94,0
DA:100,0
DA:105,0
DA:106,0
DA:112,0
DA:116,0
DA:117,0
DA:123,0
DA:128,0
DA:129,0
DA:139,0
DA:144,0
DA:145,0
DA:147,0
DA:152,0
DA:153,0
DA:154,0
DA:159,0
DA:165,0
DA:169,0
DA:173,0
DA:174,0
DA:175,0
DA:176,0
DA:177,0
DA:178,0
DA:179,0
DA:180,0
DA:181,0
DA:198,0
DA:199,0
LF:52
LH:0
BRDA:13,0,0,0
BRDA:13,0,1,0
BRDA:33,1,0,0
BRDA:33,1,1,0
BRDA:33,2,0,0
BRDA:33,2,1,0
BRDA:53,3,0,0
BRDA:53,3,1,0
BRDA:61,4,0,0
BRDA:61,4,1,0
BRDA:61,4,2,0
BRDA:62,5,0,0
BRDA:62,5,1,0
BRDA:63,6,0,0
BRDA:63,6,1,0
BRDA:152,7,0,0
BRDA:152,7,1,0
BRDA:152,8,0,0
BRDA:152,8,1,0
BRDA:177,9,0,0
BRDA:177,9,1,0
BRF:21
BRH:0
end_of_record
TN:
SF:src/services/cnpjService.js
FN:14,(anonymous_0)
FN:77,(anonymous_1)
FN:87,(anonymous_2)
FNF:3
FNH:0
FNDA:0,(anonymous_0)
FNDA:0,(anonymous_1)
FNDA:0,(anonymous_2)
DA:14,0
DA:16,0
DA:18,0
DA:19,0
DA:23,0
DA:26,0
DA:34,0
DA:35,0
DA:38,0
DA:39,0
DA:41,0
DA:42,0
DA:45,0
DA:47,0
DA:50,0
DA:51,0
DA:55,0
DA:56,0
DA:60,0
DA:61,0
DA:64,0
DA:77,0
DA:78,0
DA:79,0
DA:87,0
DA:88,0
DA:90,0
DA:91,0
DA:97,0
LF:29
LH:0
BRDA:18,0,0,0
BRDA:18,0,1,0
BRDA:23,1,0,0
BRDA:23,1,1,0
BRDA:41,2,0,0
BRDA:41,2,1,0
BRDA:42,3,0,0
BRDA:42,3,1,0
BRDA:50,4,0,0
BRDA:50,4,1,0
BRDA:55,5,0,0
BRDA:55,5,1,0
BRDA:55,6,0,0
BRDA:55,6,1,0
BRDA:60,7,0,0
BRDA:60,7,1,0
BRDA:64,8,0,0
BRDA:64,8,1,0
BRDA:90,9,0,0
BRDA:90,9,1,0
BRF:20
BRH:0
end_of_record
TN:
SF:src/services/companiesService.ts
FN:31,(anonymous_0)
FN:51,(anonymous_1)
FN:58,(anonymous_2)
FN:66,(anonymous_3)
FN:73,(anonymous_4)
FN:80,(anonymous_5)
FN:87,(anonymous_6)
FN:97,(anonymous_7)
FN:108,(anonymous_8)
FN:124,(anonymous_9)
FN:176,(anonymous_10)
FN:184,(anonymous_11)
FNF:12
FNH:0
FNDA:0,(anonymous_0)
FNDA:0,(anonymous_1)
FNDA:0,(anonymous_2)
FNDA:0,(anonymous_3)
FNDA:0,(anonymous_4)
FNDA:0,(anonymous_5)
FNDA:0,(anonymous_6)
FNDA:0,(anonymous_7)
FNDA:0,(anonymous_8)
FNDA:0,(anonymous_9)
FNDA:0,(anonymous_10)
FNDA:0,(anonymous_11)
DA:26,0
DA:37,0
DA:39,0
DA:40,0
DA:41,0
DA:42,0
DA:44,0
DA:45,0
DA:52,0
DA:59,0
DA:60,0
DA:67,0
DA:74,0
DA:81,0
DA:95,0
DA:97,0
DA:98,0
DA:101,0
DA:102,0
DA:109,0
DA:110,0
DA:111,0
DA:112,0
DA:114,0
DA:115,0
DA:117,0
DA:143,0
DA:177,0
DA:178,0
DA:185,0
DA:243,0
DA:244,0
LF:32
LH:0
BRDA:39,0,0,0
BRDA:39,0,1,0
BRDA:40,1,0,0
BRDA:40,1,1,0
BRDA:41,2,0,0
BRDA:41,2,1,0
BRDA:42,3,0,0
BRDA:42,3,1,0
BRDA:98,4,0,0
BRDA:98,4,1,0
BRDA:114,5,0,0
BRDA:114,5,1,0
BRDA:189,6,0,0
BRDA:189,6,1,0
BRDA:191,7,0,0
BRDA:191,7,1,0
BRDA:201,8,0,0
BRDA:201,8,1,0
BRDA:216,9,0,0
BRDA:216,9,1,0
BRDA:225,10,0,0
BRDA:225,10,1,0
BRF:22
BRH:0
end_of_record
TN:
SF:src/services/geocodingService.js
FN:7,(anonymous_0)
FN:14,(anonymous_1)
FN:29,(anonymous_2)
FN:50,(anonymous_3)
FN:80,(anonymous_4)
FN:122,(anonymous_5)
FN:130,(anonymous_6)
FNF:7
FNH:0
FNDA:0,(anonymous_0)
FNDA:0,(anonymous_1)
FNDA:0,(anonymous_2)
FNDA:0,(anonymous_3)
FNDA:0,(anonymous_4)
FNDA:0,(anonymous_5)
FNDA:0,(anonymous_6)
DA:8,0
DA:16,0
DA:18,0
DA:28,0
DA:29,0
DA:30,0
DA:33,0
DA:35,0
DA:51,0
DA:52,0
DA:56,0
DA:57,0
DA:58,0
DA:59,0
DA:62,0
DA:64,0
DA:67,0
DA:69,0
DA:72,0
DA:73,0
DA:81,0
DA:84,0
DA:92,0
DA:94,0
DA:95,0
DA:97,0
DA:98,0
DA:110,0
DA:113,0
DA:114,0
DA:123,0
DA:124,0
DA:131,0
DA:136,0
LF:34
LH:0
BRDA:16,0,0,0
BRDA:16,0,1,0
BRDA:28,1,0,0
BRDA:28,1,1,0
BRDA:30,2,0,0
BRDA:30,2,1,0
BRDA:51,3,0,0
BRDA:51,3,1,0
BRDA:51,4,0,0
BRDA:51,4,1,0
BRDA:57,5,0,0
BRDA:57,5,1,0
BRDA:81,6,0,0
BRDA:81,6,1,0
BRDA:97,7,0,0
BRDA:97,7,1,0
BRDA:102,8,0,0
BRDA:102,8,1,0
BRF:18
BRH:0
end_of_record
TN:
SF:src/types/api.ts
FNF:0
FNH:0
LF:0
LH:0
BRF:0
BRH:0
end_of_record
TN:
SF:src/types/components.ts
FNF:0
FNH:0
LF:0
LH:0
BRF:0
BRH:0
end_of_record
TN:
SF:src/types/index.ts
FNF:0
FNH:0
LF:0
LH:0
BRF:0
BRH:0
end_of_record
TN:
SF:src/utils/formatters.js
FN:10,(anonymous_0)
FN:21,(anonymous_1)
FN:33,(anonymous_2)
FN:42,(anonymous_3)
FN:58,(anonymous_4)
FN:72,(anonymous_5)
FN:82,(anonymous_6)
FN:96,(anonymous_7)
FN:109,(anonymous_8)
FN:143,(anonymous_9)
FN:155,(anonymous_10)
FN:163,(anonymous_11)
FN:165,(anonymous_12)
FN:171,(anonymous_13)
FNF:14
FNH:0
FNDA:0,(anonymous_0)
FNDA:0,(anonymous_1)
FNDA:0,(anonymous_2)
FNDA:0,(anonymous_3)
FNDA:0,(anonymous_4)
FNDA:0,(anonymous_5)
FNDA:0,(anonymous_6)
FNDA:0,(anonymous_7)
FNDA:0,(anonymous_8)
FNDA:0,(anonymous_9)
FNDA:0,(anonymous_10)
FNDA:0,(anonymous_11)
FNDA:0,(anonymous_12)
FNDA:0,(anonymous_13)
DA:10,0
DA:11,0
DA:12,0
DA:13,0
DA:14,0
DA:15,0
DA:21,0
DA:22,0
DA:23,0
DA:24,0
DA:25,0
DA:26,0
DA:27,0
DA:33,0
DA:34,0
DA:35,0
DA:36,0
DA:42,0
DA:43,0
DA:45,0
DA:46,0
DA:47,0
DA:49,0
DA:52,0
DA:58,0
DA:59,0
DA:60,0
DA:62,0
DA:63,0
DA:72,0
DA:73,0
DA:74,0
DA:75,0
DA:76,0
DA:82,0
DA:83,0
DA:85,0
DA:90,0
DA:96,0
DA:97,0
DA:99,0
DA:100,0
DA:102,0
DA:103,0
DA:109,0
DA:110,0
DA:112,0
DA:113,0
DA:114,0
DA:116,0
DA:117,0
DA:118,0
DA:119,0
DA:121,0
DA:125,0
DA:131,0
DA:143,0
DA:144,0
DA:146,0
DA:147,0
DA:149,0
DA:155,0
DA:156,0
DA:157,0
DA:163,0
DA:164,0
DA:165,0
DA:171,0
DA:172,0
DA:173,0
LF:70
LH:0
BRDA:12,0,0,0
BRDA:12,0,1,0
BRDA:13,1,0,0
BRDA:13,1,1,0
BRDA:14,2,0,0
BRDA:14,2,1,0
BRDA:23,3,0,0
BRDA:23,3,1,0
BRDA:24,4,0,0
BRDA:24,4,1,0
BRDA:25,5,0,0
BRDA:25,5,1,0
BRDA:26,6,0,0
BRDA:26,6,1,0
BRDA:35,7,0,0
BRDA:35,7,1,0
BRDA:45,8,0,0
BRDA:45,8,1,0
BRDA:46,9,0,0
BRDA:46,9,1,0
BRDA:47,10,0,0
BRDA:47,10,1,0
BRDA:60,11,0,0
BRDA:60,11,1,0
BRDA:74,12,0,0
BRDA:74,12,1,0
BRDA:75,13,0,0
BRDA:75,13,1,0
BRDA:83,14,0,0
BRDA:83,14,1,0
BRDA:90,15,0,0
BRDA:90,15,1,0
BRDA:97,16,0,0
BRDA:97,16,1,0
BRDA:100,17,0,0
BRDA:100,17,1,0
BRDA:110,18,0,0
BRDA:110,18,1,0
BRDA:110,19,0,0
BRDA:110,19,1,0
BRDA:116,20,0,0
BRDA:116,20,1,0
BRDA:117,21,0,0
BRDA:117,21,1,0
BRDA:146,22,0,0
BRDA:146,22,1,0
BRDA:156,23,0,0
BRDA:156,23,1,0
BRDA:164,24,0,0
BRDA:164,24,1,0
BRDA:172,25,0,0
BRDA:172,25,1,0
BRF:52
BRH:0
end_of_record
TN:
SF:src/utils/notifications.jsx
FN:7,(anonymous_0)
FN:8,(anonymous_1)
FN:31,(anonymous_2)
FN:42,(anonymous_3)
FN:43,(anonymous_4)
FN:66,(anonymous_5)
FN:77,(anonymous_6)
FN:78,(anonymous_7)
FN:101,(anonymous_8)
FN:112,(anonymous_9)
FN:113,(anonymous_10)
FN:136,(anonymous_11)
FN:147,(anonymous_12)
FN:147,(anonymous_13)
FN:148,(anonymous_14)
FN:170,(anonymous_15)
FN:179,(anonymous_16)
FN:194,(anonymous_17)
FN:194,(anonymous_18)
FN:195,(anonymous_19)
FN:220,(anonymous_20)
FN:229,(anonymous_21)
FNF:22
FNH:0
FNDA:0,(anonymous_0)
FNDA:0,(anonymous_1)
FNDA:0,(anonymous_2)
FNDA:0,(anonymous_3)
FNDA:0,(anonymous_4)
FNDA:0,(anonymous_5)
FNDA:0,(anonymous_6)
FNDA:0,(anonymous_7)
FNDA:0,(anonymous_8)
FNDA:0,(anonymous_9)
FNDA:0,(anonymous_10)
FNDA:0,(anonymous_11)
FNDA:0,(anonymous_12)
FNDA:0,(anonymous_13)
FNDA:0,(anonymous_14)
FNDA:0,(anonymous_15)
FNDA:0,(anonymous_16)
FNDA:0,(anonymous_17)
FNDA:0,(anonymous_18)
FNDA:0,(anonymous_19)
FNDA:0,(anonymous_20)
FNDA:0,(anonymous_21)
DA:5,0
DA:8,0
DA:9,0
DA:31,0
DA:43,0
DA:44,0
DA:66,0
DA:78,0
DA:79,0
DA:101,0
DA:113,0
DA:114,0
DA:136,0
DA:148,0
DA:149,0
DA:171,0
DA:172,0
DA:180,0
DA:181,0
DA:195,0
DA:196,0
DA:221,0
DA:222,0
DA:230,0
DA:231,0
DA:245,0
DA:246,0
DA:247,0
DA:248,0
DA:249,0
DA:250,0
LF:31
LH:0
BRDA:7,0,0,0
BRDA:11,1,0,0
BRDA:11,1,1,0
BRDA:42,2,0,0
BRDA:46,3,0,0
BRDA:46,3,1,0
BRDA:77,4,0,0
BRDA:81,5,0,0
BRDA:81,5,1,0
BRDA:112,6,0,0
BRDA:116,7,0,0
BRDA:116,7,1,0
BRDA:147,8,0,0
BRDA:147,9,0,0
BRDA:151,10,0,0
BRDA:151,10,1,0
BRDA:194,11,0,0
BRDA:194,12,0,0
BRDA:198,13,0,0
BRDA:198,13,1,0
BRF:20
BRH:0
end_of_record
TN:
SF:src/utils/statusUtils.js
FN:1,(anonymous_0)
FN:15,(anonymous_1)
FN:24,(anonymous_2)
FN:33,(anonymous_3)
FN:42,(anonymous_4)
FN:52,(anonymous_5)
FN:57,(anonymous_6)
FN:69,(anonymous_7)
FNF:8
FNH:0
FNDA:0,(anonymous_0)
FNDA:0,(anonymous_1)
FNDA:0,(anonymous_2)
FNDA:0,(anonymous_3)
FNDA:0,(anonymous_4)
FNDA:0,(anonymous_5)
FNDA:0,(anonymous_6)
FNDA:0,(anonymous_7)
DA:1,0
DA:2,0
DA:3,0
DA:5,0
DA:7,0
DA:9,0
DA:11,0
DA:15,0
DA:16,0
DA:17,0
DA:18,0
DA:19,0
DA:20,0
DA:24,0
DA:25,0
DA:26,0
DA:27,0
DA:28,0
DA:29,0
DA:33,0
DA:34,0
DA:35,0
DA:36,0
DA:37,0
DA:38,0
DA:42,0
DA:43,0
DA:44,0
DA:45,0
DA:46,0
DA:47,0
DA:48,0
DA:52,0
DA:53,0
DA:54,0
DA:57,0
DA:58,0
DA:59,0
DA:60,0
DA:61,0
DA:63,0
DA:64,0
DA:66,0
DA:69,0
DA:70,0
DA:71,0
LF:46
LH:0
BRDA:3,0,0,0
BRDA:3,0,1,0
BRDA:3,0,2,0
BRDA:3,0,3,0
BRDA:16,1,0,0
BRDA:16,1,1,0
BRDA:16,1,2,0
BRDA:16,1,3,0
BRDA:25,2,0,0
BRDA:25,2,1,0
BRDA:25,2,2,0
BRDA:25,2,3,0
BRDA:34,3,0,0
BRDA:34,3,1,0
BRDA:34,3,2,0
BRDA:34,3,3,0
BRDA:43,4,0,0
BRDA:43,4,1,0
BRDA:43,4,2,0
BRDA:43,4,3,0
BRDA:43,4,4,0
BRDA:53,5,0,0
BRDA:53,5,1,0
BRDA:58,6,0,0
BRDA:58,6,1,0
BRDA:60,7,0,0
BRDA:60,7,1,0
BRDA:63,8,0,0
BRDA:63,8,1,0
BRDA:70,9,0,0
BRDA:70,9,1,0
BRF:31
BRH:0
end_of_record
TN:
SF:src/utils/theme.js
FN:14,(anonymous_0)
FN:39,(anonymous_1)
FN:49,(anonymous_2)
FN:58,(anonymous_3)
FN:67,(anonymous_4)
FN:76,(anonymous_5)
FN:85,(anonymous_6)
FN:94,(anonymous_7)
FN:105,(anonymous_8)
FN:110,(anonymous_9)
FN:124,(anonymous_10)
FN:127,(anonymous_11)
FN:140,(anonymous_12)
FN:148,(anonymous_13)
FN:163,(anonymous_14)
FN:178,(anonymous_15)
FN:194,(anonymous_16)
FN:206,(anonymous_17)
FN:207,(anonymous_18)
FN:209,(anonymous_19)
FN:217,(anonymous_20)
FN:226,(anonymous_21)
FN:237,(anonymous_22)
FN:264,(anonymous_23)
FN:274,(anonymous_24)
FN:288,(anonymous_25)
FNF:26
FNH:0
FNDA:0,(anonymous_0)
FNDA:0,(anonymous_1)
FNDA:0,(anonymous_2)
FNDA:0,(anonymous_3)
FNDA:0,(anonymous_4)
FNDA:0,(anonymous_5)
FNDA:0,(anonymous_6)
FNDA:0,(anonymous_7)
FNDA:0,(anonymous_8)
FNDA:0,(anonymous_9)
FNDA:0,(anonymous_10)
FNDA:0,(anonymous_11)
FNDA:0,(anonymous_12)
FNDA:0,(anonymous_13)
FNDA:0,(anonymous_14)
FNDA:0,(anonymous_15)
FNDA:0,(anonymous_16)
FNDA:0,(anonymous_17)
FNDA:0,(anonymous_18)
FNDA:0,(anonymous_19)
FNDA:0,(anonymous_20)
FNDA:0,(anonymous_21)
FNDA:0,(anonymous_22)
FNDA:0,(anonymous_23)
FNDA:0,(anonymous_24)
FNDA:0,(anonymous_25)
DA:14,0
DA:15,0
DA:16,0
DA:20,0
DA:31,0
DA:39,0
DA:40,0
DA:41,0
DA:49,0
DA:50,0
DA:58,0
DA:59,0
DA:67,0
DA:68,0
DA:76,0
DA:77,0
DA:85,0
DA:86,0
DA:94,0
DA:95,0
DA:105,0
DA:106,0
DA:110,0
DA:111,0
DA:114,0
DA:124,0
DA:125,0
DA:127,0
DA:128,0
DA:129,0
DA:132,0
DA:140,0
DA:141,0
DA:148,0
DA:149,0
DA:151,0
DA:152,0
DA:153,0
DA:156,0
DA:163,0
DA:164,0
DA:166,0
DA:167,0
DA:168,0
DA:171,0
DA:178,0
DA:179,0
DA:181,0
DA:182,0
DA:185,0
DA:194,0
DA:195,0
DA:196,0
DA:197,0
DA:198,0
DA:206,0
DA:207,0
DA:209,0
DA:210,0
DA:213,0
DA:216,0
DA:217,0
DA:218,0
DA:219,0
DA:220,0
DA:224,0
DA:226,0
DA:227,0
DA:228,0
DA:237,0
DA:238,0
DA:264,0
DA:265,0
DA:266,0
DA:274,0
DA:275,0
DA:288,0
DA:289,0
LF:78
LH:0
BRDA:14,0,0,0
BRDA:15,1,0,0
BRDA:15,1,1,0
BRDA:31,2,0,0
BRDA:31,2,1,0
BRDA:41,3,0,0
BRDA:41,3,1,0
BRDA:50,4,0,0
BRDA:50,4,1,0
BRDA:59,5,0,0
BRDA:59,5,1,0
BRDA:68,6,0,0
BRDA:68,6,1,0
BRDA:77,7,0,0
BRDA:77,7,1,0
BRDA:86,8,0,0
BRDA:86,8,1,0
BRDA:95,9,0,0
BRDA:95,9,1,0
BRDA:105,10,0,0
BRDA:128,11,0,0
BRDA:128,11,1,0
BRDA:149,12,0,0
BRDA:149,12,1,0
BRDA:152,13,0,0
BRDA:152,13,1,0
BRDA:164,14,0,0
BRDA:164,14,1,0
BRDA:167,15,0,0
BRDA:167,15,1,0
BRDA:171,16,0,0
BRDA:171,16,1,0
BRDA:179,17,0,0
BRDA:179,17,1,0
BRDA:196,18,0,0
BRDA:196,18,1,0
BRDA:207,19,0,0
BRDA:207,19,1,0
BRDA:219,20,0,0
BRDA:219,20,1,0
BRDA:220,21,0,0
BRDA:220,21,1,0
BRDA:237,22,0,0
BRF:43
BRH:0
end_of_record
TN:
SF:src/utils/validators.js
FN:8,(anonymous_0)
FN:15,(anonymous_1)
FN:45,(anonymous_2)
FN:77,(anonymous_3)
FN:85,(anonymous_4)
FN:93,(anonymous_5)
FN:149,(anonymous_6)
FN:157,(anonymous_7)
FN:161,(anonymous_8)
FN:165,(anonymous_9)
FNF:10
FNH:10
FNDA:143,(anonymous_0)
FNDA:14,(anonymous_1)
FNDA:14,(anonymous_2)
FNDA:12,(anonymous_3)
FNDA:13,(anonymous_4)
FNDA:19,(anonymous_5)
FNDA:76,(anonymous_6)
FNDA:8,(anonymous_7)
FNDA:7,(anonymous_8)
FNDA:7,(anonymous_9)
DA:8,1
DA:9,143
DA:15,1
DA:16,14
DA:18,14
DA:19,9
DA:22,8
DA:23,8
DA:24,72
DA:26,8
DA:27,8
DA:29,8
DA:32,8
DA:33,8
DA:34,80
DA:36,8
DA:37,8
DA:39,8
DA:45,1
DA:46,14
DA:48,14
DA:49,9
DA:52,8
DA:53,8
DA:54,8
DA:55,96
DA:57,8
DA:58,8
DA:60,8
DA:63,8
DA:64,8
DA:65,8
DA:66,104
DA:68,8
DA:69,8
DA:71,8
DA:77,1
DA:78,12
DA:79,12
DA:85,1
DA:86,13
DA:87,13
DA:93,1
DA:94,19
DA:98,19
DA:101,14
DA:102,14
DA:105,12
DA:106,9
DA:107,9
DA:110,10
DA:116,1
DA:149,1
DA:150,76
DA:151,76
DA:157,1
DA:158,8
DA:161,1
DA:162,7
DA:165,1
DA:166,7
LF:61
LH:61
BRDA:9,0,0,131
BRDA:9,0,1,12
BRDA:18,1,0,5
BRDA:18,1,1,9
BRDA:19,2,0,1
BRDA:19,2,1,8
BRDA:27,3,0,1
BRDA:27,3,1,7
BRDA:29,4,0,0
BRDA:29,4,1,8
BRDA:37,5,0,0
BRDA:37,5,1,8
BRDA:48,6,0,5
BRDA:48,6,1,9
BRDA:49,7,0,1
BRDA:49,7,1,8
BRDA:58,8,0,0
BRDA:58,8,1,8
BRDA:60,9,0,0
BRDA:60,9,1,8
BRDA:69,10,0,1
BRDA:69,10,1,7
BRDA:79,11,0,12
BRDA:79,11,1,5
BRDA:98,12,0,5
BRDA:98,12,1,14
BRDA:98,13,0,19
BRDA:98,13,1,16
BRDA:102,14,0,2
BRDA:102,14,1,12
BRDA:102,15,0,14
BRDA:102,15,1,12
BRDA:105,16,0,9
BRDA:105,16,1,3
BRDA:107,17,0,2
BRDA:107,17,1,7
BRDA:158,18,0,8
BRDA:158,18,1,3
BRDA:162,19,0,7
BRDA:162,19,1,4
BRDA:166,20,0,7
BRDA:166,20,1,4
BRF:42
BRH:38
end_of_record
TN:
SF:src/utils/validators.ts
FN:15,(anonymous_0)
FN:22,(anonymous_1)
FN:48,(anonymous_2)
FN:78,(anonymous_3)
FN:110,(anonymous_4)
FN:118,(anonymous_5)
FN:141,(anonymous_6)
FN:190,(anonymous_7)
FN:201,(anonymous_8)
FN:212,(anonymous_9)
FN:223,(anonymous_10)
FN:234,(anonymous_11)
FN:249,(anonymous_12)
FN:256,(anonymous_13)
FN:263,(anonymous_14)
FN:270,(anonymous_15)
FNF:16
FNH:0
FNDA:0,(anonymous_0)
FNDA:0,(anonymous_1)
FNDA:0,(anonymous_2)
FNDA:0,(anonymous_3)
FNDA:0,(anonymous_4)
FNDA:0,(anonymous_5)
FNDA:0,(anonymous_6)
FNDA:0,(anonymous_7)
FNDA:0,(anonymous_8)
FNDA:0,(anonymous_9)
FNDA:0,(anonymous_10)
FNDA:0,(anonymous_11)
FNDA:0,(anonymous_12)
FNDA:0,(anonymous_13)
FNDA:0,(anonymous_14)
FNDA:0,(anonymous_15)
DA:15,0
DA:16,0
DA:22,0
DA:23,0
DA:25,0
DA:26,0
DA:27,0
DA:29,0
DA:30,0
DA:31,0
DA:32,0
DA:34,0
DA:38,0
DA:48,0
DA:49,0
DA:51,0
DA:52,0
DA:55,0
DA:56,0
DA:57,0
DA:59,0
DA:60,0
DA:61,0
DA:64,0
DA:65,0
DA:66,0
DA:68,0
DA:69,0
DA:70,0
DA:72,0
DA:78,0
DA:79,0
DA:81,0
DA:82,0
DA:85,0
DA:86,0
DA:87,0
DA:88,0
DA:90,0
DA:91,0
DA:92,0
DA:95,0
DA:96,0
DA:97,0
DA:98,0
DA:100,0
DA:101,0
DA:102,0
DA:104,0
DA:110,0
DA:111,0
DA:112,0
DA:118,0
DA:119,0
DA:123,0
DA:124,0
DA:125,0
DA:126,0
DA:129,0
DA:130,0
DA:131,0
DA:132,0
DA:135,0
DA:141,0
DA:142,0
DA:143,0
DA:153,0
DA:190,0
DA:191,0
DA:192,0
DA:201,0
DA:202,0
DA:203,0
DA:212,0
DA:213,0
DA:214,0
DA:223,0
DA:224,0
DA:225,0
DA:234,0
DA:235,0
DA:236,0
DA:249,0
DA:250,0
DA:256,0
DA:257,0
DA:263,0
DA:264,0
DA:270,0
DA:271,0
DA:273,0
DA:274,0
DA:275,0
DA:276,0
DA:279,0
LF:95
LH:0
BRDA:16,0,0,0
BRDA:16,0,1,0
BRDA:23,1,0,0
BRDA:23,1,1,0
BRDA:23,2,0,0
BRDA:23,2,1,0
BRDA:29,3,0,0
BRDA:29,3,1,0
BRDA:30,4,0,0
BRDA:30,4,1,0
BRDA:51,5,0,0
BRDA:51,5,1,0
BRDA:52,6,0,0
BRDA:52,6,1,0
BRDA:60,7,0,0
BRDA:60,7,1,0
BRDA:60,8,0,0
BRDA:60,8,1,0
BRDA:61,9,0,0
BRDA:61,9,1,0
BRDA:69,10,0,0
BRDA:69,10,1,0
BRDA:69,11,0,0
BRDA:69,11,1,0
BRDA:70,12,0,0
BRDA:70,12,1,0
BRDA:81,13,0,0
BRDA:81,13,1,0
BRDA:82,14,0,0
BRDA:82,14,1,0
BRDA:91,15,0,0
BRDA:91,15,1,0
BRDA:92,16,0,0
BRDA:92,16,1,0
BRDA:101,17,0,0
BRDA:101,17,1,0
BRDA:102,18,0,0
BRDA:102,18,1,0
BRDA:112,19,0,0
BRDA:112,19,1,0
BRDA:123,20,0,0
BRDA:123,20,1,0
BRDA:126,21,0,0
BRDA:126,21,1,0
BRDA:129,22,0,0
BRDA:129,22,1,0
BRDA:132,23,0,0
BRDA:132,23,1,0
BRDA:194,24,0,0
BRDA:194,24,1,0
BRDA:205,25,0,0
BRDA:205,25,1,0
BRDA:216,26,0,0
BRDA:216,26,1,0
BRDA:227,27,0,0
BRDA:227,27,1,0
BRDA:238,28,0,0
BRDA:238,28,1,0
BRDA:273,29,0,0
BRDA:273,29,1,0
BRDA:275,30,0,0
BRDA:275,30,1,0
BRF:62
BRH:0
end_of_record
